The target system is: Emscripten - 1 - x86
The host system is: Linux - 6.12.20+rpt-rpi-v8 - aarch64
Compiling the C compiler identification source file "CMakeCCompilerId.c" succeeded.
Compiler: /home/jack/Documents/emsdk/upstream/emscripten/emcc 
Build flags: 
Id flags:  

The output was:
0


Compilation of the C compiler identification source "CMakeCCompilerId.c" produced "a.out.js"

Compilation of the C compiler identification source "CMakeCCompilerId.c" produced "a.out.wasm"

The C compiler identification is Clang, found in "/home/jack/Documents/TypeScript/Personal_Webpage/raycaster/build/web/CMakeFiles/3.25.1/CompilerIdC/a.out.wasm"

Compiling the CXX compiler identification source file "CMakeCXXCompilerId.cpp" succeeded.
Compiler: /home/jack/Documents/emsdk/upstream/emscripten/em++ 
Build flags: 
Id flags:  

The output was:
0


Compilation of the CXX compiler identification source "CMakeCXXCompilerId.cpp" produced "a.out.js"

Compilation of the CXX compiler identification source "CMakeCXXCompilerId.cpp" produced "a.out.wasm"

The CXX compiler identification is Clang, found in "/home/jack/Documents/TypeScript/Personal_Webpage/raycaster/build/web/CMakeFiles/3.25.1/CompilerIdCXX/a.out.wasm"

Detecting C compiler ABI info compiled with the following output:
Change Dir: /home/jack/Documents/TypeScript/Personal_Webpage/raycaster/build/web/CMakeFiles/CMakeScratch/TryCompile-ONmOhQ

Run Build Command(s):/usr/bin/gmake -f Makefile cmTC_aa40b/fast && /usr/bin/gmake  -f CMakeFiles/cmTC_aa40b.dir/build.make CMakeFiles/cmTC_aa40b.dir/build
gmake[1]: Entering directory '/home/jack/Documents/TypeScript/Personal_Webpage/raycaster/build/web/CMakeFiles/CMakeScratch/TryCompile-ONmOhQ'
Building C object CMakeFiles/cmTC_aa40b.dir/CMakeCCompilerABI.c.o
/home/jack/Documents/emsdk/upstream/emscripten/emcc   -v -MD -MT CMakeFiles/cmTC_aa40b.dir/CMakeCCompilerABI.c.o -MF CMakeFiles/cmTC_aa40b.dir/CMakeCCompilerABI.c.o.d -o CMakeFiles/cmTC_aa40b.dir/CMakeCCompilerABI.c.o -c /usr/share/cmake-3.25/Modules/CMakeCCompilerABI.c
 /home/jack/Documents/emsdk/upstream/bin/clang -target wasm32-unknown-emscripten -fignore-exceptions -mllvm -combiner-global-alias-analysis=false -mllvm -enable-emscripten-sjlj -mllvm -disable-lsr --sysroot=/home/jack/Documents/emsdk/upstream/emscripten/cache/sysroot -DEMSCRIPTEN -Xclang -iwithsysroot/include/fakesdl -Xclang -iwithsysroot/include/compat -v -MD -MT CMakeFiles/cmTC_aa40b.dir/CMakeCCompilerABI.c.o -MF CMakeFiles/cmTC_aa40b.dir/CMakeCCompilerABI.c.o.d -oCMakeFiles/cmTC_aa40b.dir/CMakeCCompilerABI.c.o -c /usr/share/cmake-3.25/Modules/CMakeCCompilerABI.c
clang version 21.0.0git (https:/github.com/llvm/llvm-project 4775e6d9099467df9363e1a3cd5950cc3d2fde05)
Target: wasm32-unknown-emscripten
Thread model: posix
InstalledDir: /home/jack/Documents/emsdk/upstream/bin
 (in-process)
 "/home/jack/Documents/emsdk/upstream/bin/clang-21" -cc1 -triple wasm32-unknown-emscripten -emit-obj -disable-free -clear-ast-before-backend -disable-llvm-verifier -discard-value-names -main-file-name CMakeCCompilerABI.c -mrelocation-model static -mframe-pointer=none -ffp-contract=on -fno-rounding-math -mconstructor-aliases -target-cpu generic -fvisibility=hidden -debugger-tuning=gdb -fdebug-compilation-dir=/home/jack/Documents/TypeScript/Personal_Webpage/raycaster/build/web/CMakeFiles/CMakeScratch/TryCompile-ONmOhQ -v -fcoverage-compilation-dir=/home/jack/Documents/TypeScript/Personal_Webpage/raycaster/build/web/CMakeFiles/CMakeScratch/TryCompile-ONmOhQ -resource-dir /home/jack/Documents/emsdk/upstream/lib/clang/21 -dependency-file CMakeFiles/cmTC_aa40b.dir/CMakeCCompilerABI.c.o.d -MT CMakeFiles/cmTC_aa40b.dir/CMakeCCompilerABI.c.o -sys-header-deps -D EMSCRIPTEN -isysroot /home/jack/Documents/emsdk/upstream/emscripten/cache/sysroot -internal-isystem /home/jack/Documents/emsdk/upstream/lib/clang/21/include -internal-isystem /home/jack/Documents/emsdk/upstream/emscripten/cache/sysroot/include/wasm32-emscripten -internal-isystem /home/jack/Documents/emsdk/upstream/emscripten/cache/sysroot/include -ferror-limit 19 -fgnuc-version=4.2.1 -fskip-odr-check-in-gmf -fignore-exceptions -iwithsysroot/include/fakesdl -iwithsysroot/include/compat -mllvm -combiner-global-alias-analysis=false -mllvm -enable-emscripten-sjlj -mllvm -disable-lsr -o CMakeFiles/cmTC_aa40b.dir/CMakeCCompilerABI.c.o -x c /usr/share/cmake-3.25/Modules/CMakeCCompilerABI.c
clang -cc1 version 21.0.0git based upon LLVM 21.0.0git default target x86_64-unknown-linux-gnu
ignoring nonexistent directory "/home/jack/Documents/emsdk/upstream/emscripten/cache/sysroot/include/wasm32-emscripten"
#include "..." search starts here:
#include <...> search starts here:
 /home/jack/Documents/emsdk/upstream/emscripten/cache/sysroot/include/fakesdl
 /home/jack/Documents/emsdk/upstream/emscripten/cache/sysroot/include/compat
 /home/jack/Documents/emsdk/upstream/lib/clang/21/include
 /home/jack/Documents/emsdk/upstream/emscripten/cache/sysroot/include
End of search list.
Linking C executable cmTC_aa40b.js
/usr/bin/cmake -E cmake_link_script CMakeFiles/cmTC_aa40b.dir/link.txt --verbose=1
/home/jack/Documents/emsdk/upstream/emscripten/emcc  -v @CMakeFiles/cmTC_aa40b.dir/objects1 -o cmTC_aa40b.js 
 /home/jack/Documents/emsdk/upstream/bin/clang --version
 /home/jack/Documents/emsdk/upstream/bin/wasm-ld -o cmTC_aa40b.wasm CMakeFiles/cmTC_aa40b.dir/CMakeCCompilerABI.c.o -L/home/jack/Documents/emsdk/upstream/emscripten/cache/sysroot/lib/wasm32-emscripten -L/home/jack/Documents/emsdk/upstream/emscripten/src/lib -lGL-getprocaddr -lal -lhtml5 -lstubs-debug -lnoexit -lc-debug -ldlmalloc-debug -lcompiler_rt -lc++-noexcept -lc++abi-debug-noexcept -lsockets -mllvm -combiner-global-alias-analysis=false -mllvm -enable-emscripten-sjlj -mllvm -disable-lsr /tmp/tmp40b8h2v2libemscripten_js_symbols.so --strip-debug --export=emscripten_stack_get_end --export=emscripten_stack_get_free --export=emscripten_stack_get_base --export=emscripten_stack_get_current --export=emscripten_stack_init --export=_emscripten_stack_alloc --export=__wasm_call_ctors --export=_emscripten_stack_restore --export-if-defined=__start_em_asm --export-if-defined=__stop_em_asm --export-if-defined=__start_em_lib_deps --export-if-defined=__stop_em_lib_deps --export-if-defined=__start_em_js --export-if-defined=__stop_em_js --export-if-defined=main --export-if-defined=__main_argc_argv --export-if-defined=fflush --export-table -z stack-size=65536 --no-growable-memory --initial-heap=16777216 --no-entry --stack-first --table-base=1
 /home/jack/Documents/emsdk/upstream/bin/llvm-objcopy cmTC_aa40b.wasm cmTC_aa40b.wasm --remove-section=.debug* --remove-section=producers --remove-section=name
 /home/jack/Documents/emsdk/node/20.18.0_64bit/bin/node /home/jack/Documents/emsdk/upstream/emscripten/tools/compiler.mjs -
gmake[1]: Leaving directory '/home/jack/Documents/TypeScript/Personal_Webpage/raycaster/build/web/CMakeFiles/CMakeScratch/TryCompile-ONmOhQ'



Parsed C implicit include dir info from above output: rv=done
  found start of include info
  found start of implicit include info
    add: [/home/jack/Documents/emsdk/upstream/emscripten/cache/sysroot/include/fakesdl]
    add: [/home/jack/Documents/emsdk/upstream/emscripten/cache/sysroot/include/compat]
    add: [/home/jack/Documents/emsdk/upstream/lib/clang/21/include]
    add: [/home/jack/Documents/emsdk/upstream/emscripten/cache/sysroot/include]
  end of search list found
  collapse include dir [/home/jack/Documents/emsdk/upstream/emscripten/cache/sysroot/include/fakesdl] ==> [/home/jack/Documents/emsdk/upstream/emscripten/cache/sysroot/include/fakesdl]
  collapse include dir [/home/jack/Documents/emsdk/upstream/emscripten/cache/sysroot/include/compat] ==> [/home/jack/Documents/emsdk/upstream/emscripten/cache/sysroot/include/compat]
  collapse include dir [/home/jack/Documents/emsdk/upstream/lib/clang/21/include] ==> [/home/jack/Documents/emsdk/upstream/lib/clang/21/include]
  collapse include dir [/home/jack/Documents/emsdk/upstream/emscripten/cache/sysroot/include] ==> [/home/jack/Documents/emsdk/upstream/emscripten/cache/sysroot/include]
  implicit include dirs: [/home/jack/Documents/emsdk/upstream/emscripten/cache/sysroot/include/fakesdl;/home/jack/Documents/emsdk/upstream/emscripten/cache/sysroot/include/compat;/home/jack/Documents/emsdk/upstream/lib/clang/21/include;/home/jack/Documents/emsdk/upstream/emscripten/cache/sysroot/include]


Parsed C implicit link information from above output:
  link line regex: [^( *|.*[/\])(ld|CMAKE_LINK_STARTFILE-NOTFOUND|([^/\]+-)?ld|collect2)[^/\]*( |$)]
  ignore line: [Change Dir: /home/jack/Documents/TypeScript/Personal_Webpage/raycaster/build/web/CMakeFiles/CMakeScratch/TryCompile-ONmOhQ]
  ignore line: []
  ignore line: [Run Build Command(s):/usr/bin/gmake -f Makefile cmTC_aa40b/fast && /usr/bin/gmake  -f CMakeFiles/cmTC_aa40b.dir/build.make CMakeFiles/cmTC_aa40b.dir/build]
  ignore line: [gmake[1]: Entering directory '/home/jack/Documents/TypeScript/Personal_Webpage/raycaster/build/web/CMakeFiles/CMakeScratch/TryCompile-ONmOhQ']
  ignore line: [Building C object CMakeFiles/cmTC_aa40b.dir/CMakeCCompilerABI.c.o]
  ignore line: [/home/jack/Documents/emsdk/upstream/emscripten/emcc   -v -MD -MT CMakeFiles/cmTC_aa40b.dir/CMakeCCompilerABI.c.o -MF CMakeFiles/cmTC_aa40b.dir/CMakeCCompilerABI.c.o.d -o CMakeFiles/cmTC_aa40b.dir/CMakeCCompilerABI.c.o -c /usr/share/cmake-3.25/Modules/CMakeCCompilerABI.c]
  ignore line: [ /home/jack/Documents/emsdk/upstream/bin/clang -target wasm32-unknown-emscripten -fignore-exceptions -mllvm -combiner-global-alias-analysis=false -mllvm -enable-emscripten-sjlj -mllvm -disable-lsr --sysroot=/home/jack/Documents/emsdk/upstream/emscripten/cache/sysroot -DEMSCRIPTEN -Xclang -iwithsysroot/include/fakesdl -Xclang -iwithsysroot/include/compat -v -MD -MT CMakeFiles/cmTC_aa40b.dir/CMakeCCompilerABI.c.o -MF CMakeFiles/cmTC_aa40b.dir/CMakeCCompilerABI.c.o.d -oCMakeFiles/cmTC_aa40b.dir/CMakeCCompilerABI.c.o -c /usr/share/cmake-3.25/Modules/CMakeCCompilerABI.c]
  ignore line: [clang version 21.0.0git (https:/github.com/llvm/llvm-project 4775e6d9099467df9363e1a3cd5950cc3d2fde05)]
  ignore line: [Target: wasm32-unknown-emscripten]
  ignore line: [Thread model: posix]
  ignore line: [InstalledDir: /home/jack/Documents/emsdk/upstream/bin]
  ignore line: [ (in-process)]
  ignore line: [ "/home/jack/Documents/emsdk/upstream/bin/clang-21" -cc1 -triple wasm32-unknown-emscripten -emit-obj -disable-free -clear-ast-before-backend -disable-llvm-verifier -discard-value-names -main-file-name CMakeCCompilerABI.c -mrelocation-model static -mframe-pointer=none -ffp-contract=on -fno-rounding-math -mconstructor-aliases -target-cpu generic -fvisibility=hidden -debugger-tuning=gdb -fdebug-compilation-dir=/home/jack/Documents/TypeScript/Personal_Webpage/raycaster/build/web/CMakeFiles/CMakeScratch/TryCompile-ONmOhQ -v -fcoverage-compilation-dir=/home/jack/Documents/TypeScript/Personal_Webpage/raycaster/build/web/CMakeFiles/CMakeScratch/TryCompile-ONmOhQ -resource-dir /home/jack/Documents/emsdk/upstream/lib/clang/21 -dependency-file CMakeFiles/cmTC_aa40b.dir/CMakeCCompilerABI.c.o.d -MT CMakeFiles/cmTC_aa40b.dir/CMakeCCompilerABI.c.o -sys-header-deps -D EMSCRIPTEN -isysroot /home/jack/Documents/emsdk/upstream/emscripten/cache/sysroot -internal-isystem /home/jack/Documents/emsdk/upstream/lib/clang/21/include -internal-isystem /home/jack/Documents/emsdk/upstream/emscripten/cache/sysroot/include/wasm32-emscripten -internal-isystem /home/jack/Documents/emsdk/upstream/emscripten/cache/sysroot/include -ferror-limit 19 -fgnuc-version=4.2.1 -fskip-odr-check-in-gmf -fignore-exceptions -iwithsysroot/include/fakesdl -iwithsysroot/include/compat -mllvm -combiner-global-alias-analysis=false -mllvm -enable-emscripten-sjlj -mllvm -disable-lsr -o CMakeFiles/cmTC_aa40b.dir/CMakeCCompilerABI.c.o -x c /usr/share/cmake-3.25/Modules/CMakeCCompilerABI.c]
  ignore line: [clang -cc1 version 21.0.0git based upon LLVM 21.0.0git default target x86_64-unknown-linux-gnu]
  ignore line: [ignoring nonexistent directory "/home/jack/Documents/emsdk/upstream/emscripten/cache/sysroot/include/wasm32-emscripten"]
  ignore line: [#include "..." search starts here:]
  ignore line: [#include <...> search starts here:]
  ignore line: [ /home/jack/Documents/emsdk/upstream/emscripten/cache/sysroot/include/fakesdl]
  ignore line: [ /home/jack/Documents/emsdk/upstream/emscripten/cache/sysroot/include/compat]
  ignore line: [ /home/jack/Documents/emsdk/upstream/lib/clang/21/include]
  ignore line: [ /home/jack/Documents/emsdk/upstream/emscripten/cache/sysroot/include]
  ignore line: [End of search list.]
  ignore line: [Linking C executable cmTC_aa40b.js]
  ignore line: [/usr/bin/cmake -E cmake_link_script CMakeFiles/cmTC_aa40b.dir/link.txt --verbose=1]
  ignore line: [/home/jack/Documents/emsdk/upstream/emscripten/emcc  -v @CMakeFiles/cmTC_aa40b.dir/objects1 -o cmTC_aa40b.js ]
  ignore line: [ /home/jack/Documents/emsdk/upstream/bin/clang --version]
  link line: [ /home/jack/Documents/emsdk/upstream/bin/wasm-ld -o cmTC_aa40b.wasm CMakeFiles/cmTC_aa40b.dir/CMakeCCompilerABI.c.o -L/home/jack/Documents/emsdk/upstream/emscripten/cache/sysroot/lib/wasm32-emscripten -L/home/jack/Documents/emsdk/upstream/emscripten/src/lib -lGL-getprocaddr -lal -lhtml5 -lstubs-debug -lnoexit -lc-debug -ldlmalloc-debug -lcompiler_rt -lc++-noexcept -lc++abi-debug-noexcept -lsockets -mllvm -combiner-global-alias-analysis=false -mllvm -enable-emscripten-sjlj -mllvm -disable-lsr /tmp/tmp40b8h2v2libemscripten_js_symbols.so --strip-debug --export=emscripten_stack_get_end --export=emscripten_stack_get_free --export=emscripten_stack_get_base --export=emscripten_stack_get_current --export=emscripten_stack_init --export=_emscripten_stack_alloc --export=__wasm_call_ctors --export=_emscripten_stack_restore --export-if-defined=__start_em_asm --export-if-defined=__stop_em_asm --export-if-defined=__start_em_lib_deps --export-if-defined=__stop_em_lib_deps --export-if-defined=__start_em_js --export-if-defined=__stop_em_js --export-if-defined=main --export-if-defined=__main_argc_argv --export-if-defined=fflush --export-table -z stack-size=65536 --no-growable-memory --initial-heap=16777216 --no-entry --stack-first --table-base=1]
    arg [/home/jack/Documents/emsdk/upstream/bin/wasm-ld] ==> ignore
    arg [-o] ==> ignore
    arg [cmTC_aa40b.wasm] ==> ignore
    arg [CMakeFiles/cmTC_aa40b.dir/CMakeCCompilerABI.c.o] ==> ignore
    arg [-L/home/jack/Documents/emsdk/upstream/emscripten/cache/sysroot/lib/wasm32-emscripten] ==> dir [/home/jack/Documents/emsdk/upstream/emscripten/cache/sysroot/lib/wasm32-emscripten]
    arg [-L/home/jack/Documents/emsdk/upstream/emscripten/src/lib] ==> dir [/home/jack/Documents/emsdk/upstream/emscripten/src/lib]
    arg [-lGL-getprocaddr] ==> lib [GL-getprocaddr]
    arg [-lal] ==> lib [al]
    arg [-lhtml5] ==> lib [html5]
    arg [-lstubs-debug] ==> lib [stubs-debug]
    arg [-lnoexit] ==> lib [noexit]
    arg [-lc-debug] ==> lib [c-debug]
    arg [-ldlmalloc-debug] ==> lib [dlmalloc-debug]
    arg [-lcompiler_rt] ==> lib [compiler_rt]
    arg [-lc++-noexcept] ==> lib [c++-noexcept]
    arg [-lc++abi-debug-noexcept] ==> lib [c++abi-debug-noexcept]
    arg [-lsockets] ==> lib [sockets]
    arg [-mllvm] ==> ignore
    arg [-combiner-global-alias-analysis=false] ==> ignore
    arg [-mllvm] ==> ignore
    arg [-enable-emscripten-sjlj] ==> ignore
    arg [-mllvm] ==> ignore
    arg [-disable-lsr] ==> ignore
    arg [/tmp/tmp40b8h2v2libemscripten_js_symbols.so] ==> ignore
    arg [--strip-debug] ==> ignore
    arg [--export=emscripten_stack_get_end] ==> ignore
    arg [--export=emscripten_stack_get_free] ==> ignore
    arg [--export=emscripten_stack_get_base] ==> ignore
    arg [--export=emscripten_stack_get_current] ==> ignore
    arg [--export=emscripten_stack_init] ==> ignore
    arg [--export=_emscripten_stack_alloc] ==> ignore
    arg [--export=__wasm_call_ctors] ==> ignore
    arg [--export=_emscripten_stack_restore] ==> ignore
    arg [--export-if-defined=__start_em_asm] ==> ignore
    arg [--export-if-defined=__stop_em_asm] ==> ignore
    arg [--export-if-defined=__start_em_lib_deps] ==> ignore
    arg [--export-if-defined=__stop_em_lib_deps] ==> ignore
    arg [--export-if-defined=__start_em_js] ==> ignore
    arg [--export-if-defined=__stop_em_js] ==> ignore
    arg [--export-if-defined=main] ==> ignore
    arg [--export-if-defined=__main_argc_argv] ==> ignore
    arg [--export-if-defined=fflush] ==> ignore
    arg [--export-table] ==> ignore
    arg [-zstack-size=65536] ==> ignore
    arg [--no-growable-memory] ==> ignore
    arg [--initial-heap=16777216] ==> ignore
    arg [--no-entry] ==> ignore
    arg [--stack-first] ==> ignore
    arg [--table-base=1] ==> ignore
  collapse library dir [/home/jack/Documents/emsdk/upstream/emscripten/cache/sysroot/lib/wasm32-emscripten] ==> [/home/jack/Documents/emsdk/upstream/emscripten/cache/sysroot/lib/wasm32-emscripten]
  collapse library dir [/home/jack/Documents/emsdk/upstream/emscripten/src/lib] ==> [/home/jack/Documents/emsdk/upstream/emscripten/src/lib]
  implicit libs: [GL-getprocaddr;al;html5;stubs-debug;noexit;c-debug;dlmalloc-debug;compiler_rt;c++-noexcept;c++abi-debug-noexcept;sockets]
  implicit objs: []
  implicit dirs: [/home/jack/Documents/emsdk/upstream/emscripten/cache/sysroot/lib/wasm32-emscripten;/home/jack/Documents/emsdk/upstream/emscripten/src/lib]
  implicit fwks: []


Detecting CXX compiler ABI info compiled with the following output:
Change Dir: /home/jack/Documents/TypeScript/Personal_Webpage/raycaster/build/web/CMakeFiles/CMakeScratch/TryCompile-kQ6vj0

Run Build Command(s):/usr/bin/gmake -f Makefile cmTC_c44af/fast && /usr/bin/gmake  -f CMakeFiles/cmTC_c44af.dir/build.make CMakeFiles/cmTC_c44af.dir/build
gmake[1]: Entering directory '/home/jack/Documents/TypeScript/Personal_Webpage/raycaster/build/web/CMakeFiles/CMakeScratch/TryCompile-kQ6vj0'
Building CXX object CMakeFiles/cmTC_c44af.dir/CMakeCXXCompilerABI.cpp.o
/home/jack/Documents/emsdk/upstream/emscripten/em++   -v -MD -MT CMakeFiles/cmTC_c44af.dir/CMakeCXXCompilerABI.cpp.o -MF CMakeFiles/cmTC_c44af.dir/CMakeCXXCompilerABI.cpp.o.d -o CMakeFiles/cmTC_c44af.dir/CMakeCXXCompilerABI.cpp.o -c /usr/share/cmake-3.25/Modules/CMakeCXXCompilerABI.cpp
 "/home/jack/Documents/emsdk/upstream/bin/clang++" -target wasm32-unknown-emscripten -fignore-exceptions -mllvm -combiner-global-alias-analysis=false -mllvm -enable-emscripten-sjlj -mllvm -disable-lsr --sysroot=/home/jack/Documents/emsdk/upstream/emscripten/cache/sysroot -DEMSCRIPTEN -Xclang -iwithsysroot/include/fakesdl -Xclang -iwithsysroot/include/compat -v -MD -MT CMakeFiles/cmTC_c44af.dir/CMakeCXXCompilerABI.cpp.o -MF CMakeFiles/cmTC_c44af.dir/CMakeCXXCompilerABI.cpp.o.d -oCMakeFiles/cmTC_c44af.dir/CMakeCXXCompilerABI.cpp.o -c /usr/share/cmake-3.25/Modules/CMakeCXXCompilerABI.cpp
clang version 21.0.0git (https:/github.com/llvm/llvm-project 4775e6d9099467df9363e1a3cd5950cc3d2fde05)
Target: wasm32-unknown-emscripten
Thread model: posix
InstalledDir: /home/jack/Documents/emsdk/upstream/bin
 (in-process)
 "/home/jack/Documents/emsdk/upstream/bin/clang-21" -cc1 -triple wasm32-unknown-emscripten -emit-obj -disable-free -clear-ast-before-backend -disable-llvm-verifier -discard-value-names -main-file-name CMakeCXXCompilerABI.cpp -mrelocation-model static -mframe-pointer=none -ffp-contract=on -fno-rounding-math -mconstructor-aliases -target-cpu generic -fvisibility=hidden -debugger-tuning=gdb -fdebug-compilation-dir=/home/jack/Documents/TypeScript/Personal_Webpage/raycaster/build/web/CMakeFiles/CMakeScratch/TryCompile-kQ6vj0 -v -fcoverage-compilation-dir=/home/jack/Documents/TypeScript/Personal_Webpage/raycaster/build/web/CMakeFiles/CMakeScratch/TryCompile-kQ6vj0 -resource-dir /home/jack/Documents/emsdk/upstream/lib/clang/21 -dependency-file CMakeFiles/cmTC_c44af.dir/CMakeCXXCompilerABI.cpp.o.d -MT CMakeFiles/cmTC_c44af.dir/CMakeCXXCompilerABI.cpp.o -sys-header-deps -D EMSCRIPTEN -isysroot /home/jack/Documents/emsdk/upstream/emscripten/cache/sysroot -internal-isystem /home/jack/Documents/emsdk/upstream/emscripten/cache/sysroot/include/wasm32-emscripten/c++/v1 -internal-isystem /home/jack/Documents/emsdk/upstream/emscripten/cache/sysroot/include/c++/v1 -internal-isystem /home/jack/Documents/emsdk/upstream/lib/clang/21/include -internal-isystem /home/jack/Documents/emsdk/upstream/emscripten/cache/sysroot/include/wasm32-emscripten -internal-isystem /home/jack/Documents/emsdk/upstream/emscripten/cache/sysroot/include -fdeprecated-macro -ferror-limit 19 -fgnuc-version=4.2.1 -fskip-odr-check-in-gmf -fcxx-exceptions -fignore-exceptions -fexceptions -iwithsysroot/include/fakesdl -iwithsysroot/include/compat -mllvm -combiner-global-alias-analysis=false -mllvm -enable-emscripten-sjlj -mllvm -disable-lsr -o CMakeFiles/cmTC_c44af.dir/CMakeCXXCompilerABI.cpp.o -x c++ /usr/share/cmake-3.25/Modules/CMakeCXXCompilerABI.cpp
clang -cc1 version 21.0.0git based upon LLVM 21.0.0git default target x86_64-unknown-linux-gnu
ignoring nonexistent directory "/home/jack/Documents/emsdk/upstream/emscripten/cache/sysroot/include/wasm32-emscripten/c++/v1"
ignoring nonexistent directory "/home/jack/Documents/emsdk/upstream/emscripten/cache/sysroot/include/wasm32-emscripten"
#include "..." search starts here:
#include <...> search starts here:
 /home/jack/Documents/emsdk/upstream/emscripten/cache/sysroot/include/fakesdl
 /home/jack/Documents/emsdk/upstream/emscripten/cache/sysroot/include/compat
 /home/jack/Documents/emsdk/upstream/emscripten/cache/sysroot/include/c++/v1
 /home/jack/Documents/emsdk/upstream/lib/clang/21/include
 /home/jack/Documents/emsdk/upstream/emscripten/cache/sysroot/include
End of search list.
Linking CXX executable cmTC_c44af.js
/usr/bin/cmake -E cmake_link_script CMakeFiles/cmTC_c44af.dir/link.txt --verbose=1
/home/jack/Documents/emsdk/upstream/emscripten/em++  -v @CMakeFiles/cmTC_c44af.dir/objects1 -o cmTC_c44af.js 
 /home/jack/Documents/emsdk/upstream/bin/clang --version
 /home/jack/Documents/emsdk/upstream/bin/wasm-ld -o cmTC_c44af.wasm CMakeFiles/cmTC_c44af.dir/CMakeCXXCompilerABI.cpp.o -L/home/jack/Documents/emsdk/upstream/emscripten/cache/sysroot/lib/wasm32-emscripten -L/home/jack/Documents/emsdk/upstream/emscripten/src/lib -lGL-getprocaddr -lal -lhtml5 -lstubs-debug -lnoexit -lc-debug -ldlmalloc-debug -lcompiler_rt -lc++-noexcept -lc++abi-debug-noexcept -lsockets -mllvm -combiner-global-alias-analysis=false -mllvm -enable-emscripten-sjlj -mllvm -disable-lsr /tmp/tmpwybsy4jmlibemscripten_js_symbols.so --strip-debug --export=emscripten_stack_get_end --export=emscripten_stack_get_free --export=emscripten_stack_get_base --export=emscripten_stack_get_current --export=emscripten_stack_init --export=_emscripten_stack_alloc --export=__wasm_call_ctors --export=_emscripten_stack_restore --export-if-defined=__start_em_asm --export-if-defined=__stop_em_asm --export-if-defined=__start_em_lib_deps --export-if-defined=__stop_em_lib_deps --export-if-defined=__start_em_js --export-if-defined=__stop_em_js --export-if-defined=main --export-if-defined=__main_argc_argv --export-if-defined=fflush --export-table -z stack-size=65536 --no-growable-memory --initial-heap=16777216 --no-entry --stack-first --table-base=1
 /home/jack/Documents/emsdk/upstream/bin/llvm-objcopy cmTC_c44af.wasm cmTC_c44af.wasm --remove-section=.debug* --remove-section=producers --remove-section=name
 /home/jack/Documents/emsdk/node/20.18.0_64bit/bin/node /home/jack/Documents/emsdk/upstream/emscripten/tools/compiler.mjs -
gmake[1]: Leaving directory '/home/jack/Documents/TypeScript/Personal_Webpage/raycaster/build/web/CMakeFiles/CMakeScratch/TryCompile-kQ6vj0'



Parsed CXX implicit include dir info from above output: rv=done
  found start of include info
  found start of implicit include info
    add: [/home/jack/Documents/emsdk/upstream/emscripten/cache/sysroot/include/fakesdl]
    add: [/home/jack/Documents/emsdk/upstream/emscripten/cache/sysroot/include/compat]
    add: [/home/jack/Documents/emsdk/upstream/emscripten/cache/sysroot/include/c++/v1]
    add: [/home/jack/Documents/emsdk/upstream/lib/clang/21/include]
    add: [/home/jack/Documents/emsdk/upstream/emscripten/cache/sysroot/include]
  end of search list found
  collapse include dir [/home/jack/Documents/emsdk/upstream/emscripten/cache/sysroot/include/fakesdl] ==> [/home/jack/Documents/emsdk/upstream/emscripten/cache/sysroot/include/fakesdl]
  collapse include dir [/home/jack/Documents/emsdk/upstream/emscripten/cache/sysroot/include/compat] ==> [/home/jack/Documents/emsdk/upstream/emscripten/cache/sysroot/include/compat]
  collapse include dir [/home/jack/Documents/emsdk/upstream/emscripten/cache/sysroot/include/c++/v1] ==> [/home/jack/Documents/emsdk/upstream/emscripten/cache/sysroot/include/c++/v1]
  collapse include dir [/home/jack/Documents/emsdk/upstream/lib/clang/21/include] ==> [/home/jack/Documents/emsdk/upstream/lib/clang/21/include]
  collapse include dir [/home/jack/Documents/emsdk/upstream/emscripten/cache/sysroot/include] ==> [/home/jack/Documents/emsdk/upstream/emscripten/cache/sysroot/include]
  implicit include dirs: [/home/jack/Documents/emsdk/upstream/emscripten/cache/sysroot/include/fakesdl;/home/jack/Documents/emsdk/upstream/emscripten/cache/sysroot/include/compat;/home/jack/Documents/emsdk/upstream/emscripten/cache/sysroot/include/c++/v1;/home/jack/Documents/emsdk/upstream/lib/clang/21/include;/home/jack/Documents/emsdk/upstream/emscripten/cache/sysroot/include]


Parsed CXX implicit link information from above output:
  link line regex: [^( *|.*[/\])(ld|CMAKE_LINK_STARTFILE-NOTFOUND|([^/\]+-)?ld|collect2)[^/\]*( |$)]
  ignore line: [Change Dir: /home/jack/Documents/TypeScript/Personal_Webpage/raycaster/build/web/CMakeFiles/CMakeScratch/TryCompile-kQ6vj0]
  ignore line: []
  ignore line: [Run Build Command(s):/usr/bin/gmake -f Makefile cmTC_c44af/fast && /usr/bin/gmake  -f CMakeFiles/cmTC_c44af.dir/build.make CMakeFiles/cmTC_c44af.dir/build]
  ignore line: [gmake[1]: Entering directory '/home/jack/Documents/TypeScript/Personal_Webpage/raycaster/build/web/CMakeFiles/CMakeScratch/TryCompile-kQ6vj0']
  ignore line: [Building CXX object CMakeFiles/cmTC_c44af.dir/CMakeCXXCompilerABI.cpp.o]
  ignore line: [/home/jack/Documents/emsdk/upstream/emscripten/em++   -v -MD -MT CMakeFiles/cmTC_c44af.dir/CMakeCXXCompilerABI.cpp.o -MF CMakeFiles/cmTC_c44af.dir/CMakeCXXCompilerABI.cpp.o.d -o CMakeFiles/cmTC_c44af.dir/CMakeCXXCompilerABI.cpp.o -c /usr/share/cmake-3.25/Modules/CMakeCXXCompilerABI.cpp]
  ignore line: [ "/home/jack/Documents/emsdk/upstream/bin/clang++" -target wasm32-unknown-emscripten -fignore-exceptions -mllvm -combiner-global-alias-analysis=false -mllvm -enable-emscripten-sjlj -mllvm -disable-lsr --sysroot=/home/jack/Documents/emsdk/upstream/emscripten/cache/sysroot -DEMSCRIPTEN -Xclang -iwithsysroot/include/fakesdl -Xclang -iwithsysroot/include/compat -v -MD -MT CMakeFiles/cmTC_c44af.dir/CMakeCXXCompilerABI.cpp.o -MF CMakeFiles/cmTC_c44af.dir/CMakeCXXCompilerABI.cpp.o.d -oCMakeFiles/cmTC_c44af.dir/CMakeCXXCompilerABI.cpp.o -c /usr/share/cmake-3.25/Modules/CMakeCXXCompilerABI.cpp]
  ignore line: [clang version 21.0.0git (https:/github.com/llvm/llvm-project 4775e6d9099467df9363e1a3cd5950cc3d2fde05)]
  ignore line: [Target: wasm32-unknown-emscripten]
  ignore line: [Thread model: posix]
  ignore line: [InstalledDir: /home/jack/Documents/emsdk/upstream/bin]
  ignore line: [ (in-process)]
  ignore line: [ "/home/jack/Documents/emsdk/upstream/bin/clang-21" -cc1 -triple wasm32-unknown-emscripten -emit-obj -disable-free -clear-ast-before-backend -disable-llvm-verifier -discard-value-names -main-file-name CMakeCXXCompilerABI.cpp -mrelocation-model static -mframe-pointer=none -ffp-contract=on -fno-rounding-math -mconstructor-aliases -target-cpu generic -fvisibility=hidden -debugger-tuning=gdb -fdebug-compilation-dir=/home/jack/Documents/TypeScript/Personal_Webpage/raycaster/build/web/CMakeFiles/CMakeScratch/TryCompile-kQ6vj0 -v -fcoverage-compilation-dir=/home/jack/Documents/TypeScript/Personal_Webpage/raycaster/build/web/CMakeFiles/CMakeScratch/TryCompile-kQ6vj0 -resource-dir /home/jack/Documents/emsdk/upstream/lib/clang/21 -dependency-file CMakeFiles/cmTC_c44af.dir/CMakeCXXCompilerABI.cpp.o.d -MT CMakeFiles/cmTC_c44af.dir/CMakeCXXCompilerABI.cpp.o -sys-header-deps -D EMSCRIPTEN -isysroot /home/jack/Documents/emsdk/upstream/emscripten/cache/sysroot -internal-isystem /home/jack/Documents/emsdk/upstream/emscripten/cache/sysroot/include/wasm32-emscripten/c++/v1 -internal-isystem /home/jack/Documents/emsdk/upstream/emscripten/cache/sysroot/include/c++/v1 -internal-isystem /home/jack/Documents/emsdk/upstream/lib/clang/21/include -internal-isystem /home/jack/Documents/emsdk/upstream/emscripten/cache/sysroot/include/wasm32-emscripten -internal-isystem /home/jack/Documents/emsdk/upstream/emscripten/cache/sysroot/include -fdeprecated-macro -ferror-limit 19 -fgnuc-version=4.2.1 -fskip-odr-check-in-gmf -fcxx-exceptions -fignore-exceptions -fexceptions -iwithsysroot/include/fakesdl -iwithsysroot/include/compat -mllvm -combiner-global-alias-analysis=false -mllvm -enable-emscripten-sjlj -mllvm -disable-lsr -o CMakeFiles/cmTC_c44af.dir/CMakeCXXCompilerABI.cpp.o -x c++ /usr/share/cmake-3.25/Modules/CMakeCXXCompilerABI.cpp]
  ignore line: [clang -cc1 version 21.0.0git based upon LLVM 21.0.0git default target x86_64-unknown-linux-gnu]
  ignore line: [ignoring nonexistent directory "/home/jack/Documents/emsdk/upstream/emscripten/cache/sysroot/include/wasm32-emscripten/c++/v1"]
  ignore line: [ignoring nonexistent directory "/home/jack/Documents/emsdk/upstream/emscripten/cache/sysroot/include/wasm32-emscripten"]
  ignore line: [#include "..." search starts here:]
  ignore line: [#include <...> search starts here:]
  ignore line: [ /home/jack/Documents/emsdk/upstream/emscripten/cache/sysroot/include/fakesdl]
  ignore line: [ /home/jack/Documents/emsdk/upstream/emscripten/cache/sysroot/include/compat]
  ignore line: [ /home/jack/Documents/emsdk/upstream/emscripten/cache/sysroot/include/c++/v1]
  ignore line: [ /home/jack/Documents/emsdk/upstream/lib/clang/21/include]
  ignore line: [ /home/jack/Documents/emsdk/upstream/emscripten/cache/sysroot/include]
  ignore line: [End of search list.]
  ignore line: [Linking CXX executable cmTC_c44af.js]
  ignore line: [/usr/bin/cmake -E cmake_link_script CMakeFiles/cmTC_c44af.dir/link.txt --verbose=1]
  ignore line: [/home/jack/Documents/emsdk/upstream/emscripten/em++  -v @CMakeFiles/cmTC_c44af.dir/objects1 -o cmTC_c44af.js ]
  ignore line: [ /home/jack/Documents/emsdk/upstream/bin/clang --version]
  link line: [ /home/jack/Documents/emsdk/upstream/bin/wasm-ld -o cmTC_c44af.wasm CMakeFiles/cmTC_c44af.dir/CMakeCXXCompilerABI.cpp.o -L/home/jack/Documents/emsdk/upstream/emscripten/cache/sysroot/lib/wasm32-emscripten -L/home/jack/Documents/emsdk/upstream/emscripten/src/lib -lGL-getprocaddr -lal -lhtml5 -lstubs-debug -lnoexit -lc-debug -ldlmalloc-debug -lcompiler_rt -lc++-noexcept -lc++abi-debug-noexcept -lsockets -mllvm -combiner-global-alias-analysis=false -mllvm -enable-emscripten-sjlj -mllvm -disable-lsr /tmp/tmpwybsy4jmlibemscripten_js_symbols.so --strip-debug --export=emscripten_stack_get_end --export=emscripten_stack_get_free --export=emscripten_stack_get_base --export=emscripten_stack_get_current --export=emscripten_stack_init --export=_emscripten_stack_alloc --export=__wasm_call_ctors --export=_emscripten_stack_restore --export-if-defined=__start_em_asm --export-if-defined=__stop_em_asm --export-if-defined=__start_em_lib_deps --export-if-defined=__stop_em_lib_deps --export-if-defined=__start_em_js --export-if-defined=__stop_em_js --export-if-defined=main --export-if-defined=__main_argc_argv --export-if-defined=fflush --export-table -z stack-size=65536 --no-growable-memory --initial-heap=16777216 --no-entry --stack-first --table-base=1]
    arg [/home/jack/Documents/emsdk/upstream/bin/wasm-ld] ==> ignore
    arg [-o] ==> ignore
    arg [cmTC_c44af.wasm] ==> ignore
    arg [CMakeFiles/cmTC_c44af.dir/CMakeCXXCompilerABI.cpp.o] ==> ignore
    arg [-L/home/jack/Documents/emsdk/upstream/emscripten/cache/sysroot/lib/wasm32-emscripten] ==> dir [/home/jack/Documents/emsdk/upstream/emscripten/cache/sysroot/lib/wasm32-emscripten]
    arg [-L/home/jack/Documents/emsdk/upstream/emscripten/src/lib] ==> dir [/home/jack/Documents/emsdk/upstream/emscripten/src/lib]
    arg [-lGL-getprocaddr] ==> lib [GL-getprocaddr]
    arg [-lal] ==> lib [al]
    arg [-lhtml5] ==> lib [html5]
    arg [-lstubs-debug] ==> lib [stubs-debug]
    arg [-lnoexit] ==> lib [noexit]
    arg [-lc-debug] ==> lib [c-debug]
    arg [-ldlmalloc-debug] ==> lib [dlmalloc-debug]
    arg [-lcompiler_rt] ==> lib [compiler_rt]
    arg [-lc++-noexcept] ==> lib [c++-noexcept]
    arg [-lc++abi-debug-noexcept] ==> lib [c++abi-debug-noexcept]
    arg [-lsockets] ==> lib [sockets]
    arg [-mllvm] ==> ignore
    arg [-combiner-global-alias-analysis=false] ==> ignore
    arg [-mllvm] ==> ignore
    arg [-enable-emscripten-sjlj] ==> ignore
    arg [-mllvm] ==> ignore
    arg [-disable-lsr] ==> ignore
    arg [/tmp/tmpwybsy4jmlibemscripten_js_symbols.so] ==> ignore
    arg [--strip-debug] ==> ignore
    arg [--export=emscripten_stack_get_end] ==> ignore
    arg [--export=emscripten_stack_get_free] ==> ignore
    arg [--export=emscripten_stack_get_base] ==> ignore
    arg [--export=emscripten_stack_get_current] ==> ignore
    arg [--export=emscripten_stack_init] ==> ignore
    arg [--export=_emscripten_stack_alloc] ==> ignore
    arg [--export=__wasm_call_ctors] ==> ignore
    arg [--export=_emscripten_stack_restore] ==> ignore
    arg [--export-if-defined=__start_em_asm] ==> ignore
    arg [--export-if-defined=__stop_em_asm] ==> ignore
    arg [--export-if-defined=__start_em_lib_deps] ==> ignore
    arg [--export-if-defined=__stop_em_lib_deps] ==> ignore
    arg [--export-if-defined=__start_em_js] ==> ignore
    arg [--export-if-defined=__stop_em_js] ==> ignore
    arg [--export-if-defined=main] ==> ignore
    arg [--export-if-defined=__main_argc_argv] ==> ignore
    arg [--export-if-defined=fflush] ==> ignore
    arg [--export-table] ==> ignore
    arg [-zstack-size=65536] ==> ignore
    arg [--no-growable-memory] ==> ignore
    arg [--initial-heap=16777216] ==> ignore
    arg [--no-entry] ==> ignore
    arg [--stack-first] ==> ignore
    arg [--table-base=1] ==> ignore
  collapse library dir [/home/jack/Documents/emsdk/upstream/emscripten/cache/sysroot/lib/wasm32-emscripten] ==> [/home/jack/Documents/emsdk/upstream/emscripten/cache/sysroot/lib/wasm32-emscripten]
  collapse library dir [/home/jack/Documents/emsdk/upstream/emscripten/src/lib] ==> [/home/jack/Documents/emsdk/upstream/emscripten/src/lib]
  implicit libs: [GL-getprocaddr;al;html5;stubs-debug;noexit;c-debug;dlmalloc-debug;compiler_rt;c++-noexcept;c++abi-debug-noexcept;sockets]
  implicit objs: []
  implicit dirs: [/home/jack/Documents/emsdk/upstream/emscripten/cache/sysroot/lib/wasm32-emscripten;/home/jack/Documents/emsdk/upstream/emscripten/src/lib]
  implicit fwks: []


Performing C SOURCE FILE Test COMPILER_SUPPORTS_FCOLOR_DIAGNOSTICS succeeded with the following output:
Change Dir: /home/jack/Documents/TypeScript/Personal_Webpage/raycaster/build/web/CMakeFiles/CMakeScratch/TryCompile-CRXGUc

Run Build Command(s):/usr/bin/gmake -f Makefile cmTC_3f99d/fast && /usr/bin/gmake  -f CMakeFiles/cmTC_3f99d.dir/build.make CMakeFiles/cmTC_3f99d.dir/build
gmake[1]: Entering directory '/home/jack/Documents/TypeScript/Personal_Webpage/raycaster/build/web/CMakeFiles/CMakeScratch/TryCompile-CRXGUc'
Building C object CMakeFiles/cmTC_3f99d.dir/src.c.o
/home/jack/Documents/emsdk/upstream/emscripten/emcc -DCOMPILER_SUPPORTS_FCOLOR_DIAGNOSTICS  -D_GNU_SOURCE=1   -fcolor-diagnostics -MD -MT CMakeFiles/cmTC_3f99d.dir/src.c.o -MF CMakeFiles/cmTC_3f99d.dir/src.c.o.d -o CMakeFiles/cmTC_3f99d.dir/src.c.o -c /home/jack/Documents/TypeScript/Personal_Webpage/raycaster/build/web/CMakeFiles/CMakeScratch/TryCompile-CRXGUc/src.c
Linking C executable cmTC_3f99d.js
/usr/bin/cmake -E cmake_link_script CMakeFiles/cmTC_3f99d.dir/link.txt --verbose=1
/home/jack/Documents/emsdk/upstream/emscripten/emcc   -D_GNU_SOURCE=1 @CMakeFiles/cmTC_3f99d.dir/objects1 -o cmTC_3f99d.js 
gmake[1]: Leaving directory '/home/jack/Documents/TypeScript/Personal_Webpage/raycaster/build/web/CMakeFiles/CMakeScratch/TryCompile-CRXGUc'


Source file was:
int main(void) { return 0; }

Determining if the fdatasync exist passed with the following output:
Change Dir: /home/jack/Documents/TypeScript/Personal_Webpage/raycaster/build/web/CMakeFiles/CMakeScratch/TryCompile-WDGpc0

Run Build Command(s):/usr/bin/gmake -f Makefile cmTC_0d971/fast && /usr/bin/gmake  -f CMakeFiles/cmTC_0d971.dir/build.make CMakeFiles/cmTC_0d971.dir/build
gmake[1]: Entering directory '/home/jack/Documents/TypeScript/Personal_Webpage/raycaster/build/web/CMakeFiles/CMakeScratch/TryCompile-WDGpc0'
Building C object CMakeFiles/cmTC_0d971.dir/CheckSymbolExists.c.o
/home/jack/Documents/emsdk/upstream/emscripten/emcc   -D_GNU_SOURCE=1 -MD -MT CMakeFiles/cmTC_0d971.dir/CheckSymbolExists.c.o -MF CMakeFiles/cmTC_0d971.dir/CheckSymbolExists.c.o.d -o CMakeFiles/cmTC_0d971.dir/CheckSymbolExists.c.o -c /home/jack/Documents/TypeScript/Personal_Webpage/raycaster/build/web/CMakeFiles/CMakeScratch/TryCompile-WDGpc0/CheckSymbolExists.c
Linking C executable cmTC_0d971.js
/usr/bin/cmake -E cmake_link_script CMakeFiles/cmTC_0d971.dir/link.txt --verbose=1
/home/jack/Documents/emsdk/upstream/emscripten/emcc   -D_GNU_SOURCE=1 @CMakeFiles/cmTC_0d971.dir/objects1 -o cmTC_0d971.js 
gmake[1]: Leaving directory '/home/jack/Documents/TypeScript/Personal_Webpage/raycaster/build/web/CMakeFiles/CMakeScratch/TryCompile-WDGpc0'


File CheckSymbolExists.c:
/* */
#include <unistd.h>

int main(int argc, char** argv)
{
  (void)argv;
#ifndef fdatasync
  return ((int*)(&fdatasync))[argc];
#else
  (void)argc;
  return 0;
#endif
}
Determining if the gethostname exist passed with the following output:
Change Dir: /home/jack/Documents/TypeScript/Personal_Webpage/raycaster/build/web/CMakeFiles/CMakeScratch/TryCompile-0WgvFq

Run Build Command(s):/usr/bin/gmake -f Makefile cmTC_9ccdb/fast && /usr/bin/gmake  -f CMakeFiles/cmTC_9ccdb.dir/build.make CMakeFiles/cmTC_9ccdb.dir/build
gmake[1]: Entering directory '/home/jack/Documents/TypeScript/Personal_Webpage/raycaster/build/web/CMakeFiles/CMakeScratch/TryCompile-0WgvFq'
Building C object CMakeFiles/cmTC_9ccdb.dir/CheckSymbolExists.c.o
/home/jack/Documents/emsdk/upstream/emscripten/emcc   -D_GNU_SOURCE=1 -MD -MT CMakeFiles/cmTC_9ccdb.dir/CheckSymbolExists.c.o -MF CMakeFiles/cmTC_9ccdb.dir/CheckSymbolExists.c.o.d -o CMakeFiles/cmTC_9ccdb.dir/CheckSymbolExists.c.o -c /home/jack/Documents/TypeScript/Personal_Webpage/raycaster/build/web/CMakeFiles/CMakeScratch/TryCompile-0WgvFq/CheckSymbolExists.c
Linking C executable cmTC_9ccdb.js
/usr/bin/cmake -E cmake_link_script CMakeFiles/cmTC_9ccdb.dir/link.txt --verbose=1
/home/jack/Documents/emsdk/upstream/emscripten/emcc   -D_GNU_SOURCE=1 @CMakeFiles/cmTC_9ccdb.dir/objects1 -o cmTC_9ccdb.js 
gmake[1]: Leaving directory '/home/jack/Documents/TypeScript/Personal_Webpage/raycaster/build/web/CMakeFiles/CMakeScratch/TryCompile-0WgvFq'


File CheckSymbolExists.c:
/* */
#include <unistd.h>

int main(int argc, char** argv)
{
  (void)argv;
#ifndef gethostname
  return ((int*)(&gethostname))[argc];
#else
  (void)argc;
  return 0;
#endif
}
Determining if the posix_spawn_file_actions_addchdir_np exist passed with the following output:
Change Dir: /home/jack/Documents/TypeScript/Personal_Webpage/raycaster/build/web/CMakeFiles/CMakeScratch/TryCompile-D2muH0

Run Build Command(s):/usr/bin/gmake -f Makefile cmTC_e4df5/fast && /usr/bin/gmake  -f CMakeFiles/cmTC_e4df5.dir/build.make CMakeFiles/cmTC_e4df5.dir/build
gmake[1]: Entering directory '/home/jack/Documents/TypeScript/Personal_Webpage/raycaster/build/web/CMakeFiles/CMakeScratch/TryCompile-D2muH0'
Building C object CMakeFiles/cmTC_e4df5.dir/CheckSymbolExists.c.o
/home/jack/Documents/emsdk/upstream/emscripten/emcc   -D_GNU_SOURCE=1 -MD -MT CMakeFiles/cmTC_e4df5.dir/CheckSymbolExists.c.o -MF CMakeFiles/cmTC_e4df5.dir/CheckSymbolExists.c.o.d -o CMakeFiles/cmTC_e4df5.dir/CheckSymbolExists.c.o -c /home/jack/Documents/TypeScript/Personal_Webpage/raycaster/build/web/CMakeFiles/CMakeScratch/TryCompile-D2muH0/CheckSymbolExists.c
Linking C executable cmTC_e4df5.js
/usr/bin/cmake -E cmake_link_script CMakeFiles/cmTC_e4df5.dir/link.txt --verbose=1
/home/jack/Documents/emsdk/upstream/emscripten/emcc   -D_GNU_SOURCE=1 @CMakeFiles/cmTC_e4df5.dir/objects1 -o cmTC_e4df5.js 
gmake[1]: Leaving directory '/home/jack/Documents/TypeScript/Personal_Webpage/raycaster/build/web/CMakeFiles/CMakeScratch/TryCompile-D2muH0'


File CheckSymbolExists.c:
/* */
#include <spawn.h>

int main(int argc, char** argv)
{
  (void)argv;
#ifndef posix_spawn_file_actions_addchdir_np
  return ((int*)(&posix_spawn_file_actions_addchdir_np))[argc];
#else
  (void)argc;
  return 0;
#endif
}
Determining if the function atexit exists passed with the following output:
Change Dir: /home/jack/Documents/TypeScript/Personal_Webpage/raycaster/build/web/CMakeFiles/CMakeScratch/TryCompile-NuiEQo

Run Build Command(s):/usr/bin/gmake -f Makefile cmTC_07ec4/fast && /usr/bin/gmake  -f CMakeFiles/cmTC_07ec4.dir/build.make CMakeFiles/cmTC_07ec4.dir/build
gmake[1]: Entering directory '/home/jack/Documents/TypeScript/Personal_Webpage/raycaster/build/web/CMakeFiles/CMakeScratch/TryCompile-NuiEQo'
Building C object CMakeFiles/cmTC_07ec4.dir/CheckFunctionExists.c.o
/home/jack/Documents/emsdk/upstream/emscripten/emcc   -DCHECK_FUNCTION_EXISTS=atexit -MD -MT CMakeFiles/cmTC_07ec4.dir/CheckFunctionExists.c.o -MF CMakeFiles/cmTC_07ec4.dir/CheckFunctionExists.c.o.d -o CMakeFiles/cmTC_07ec4.dir/CheckFunctionExists.c.o -c /home/jack/Documents/TypeScript/Personal_Webpage/raycaster/build/web/CMakeFiles/CMakeScratch/TryCompile-NuiEQo/CheckFunctionExists.c
Linking C executable cmTC_07ec4.js
/usr/bin/cmake -E cmake_link_script CMakeFiles/cmTC_07ec4.dir/link.txt --verbose=1
/home/jack/Documents/emsdk/upstream/emscripten/emcc  -DCHECK_FUNCTION_EXISTS=atexit @CMakeFiles/cmTC_07ec4.dir/objects1 -o cmTC_07ec4.js @CMakeFiles/cmTC_07ec4.dir/linkLibs.rsp
wasm-ld: warning: function signature mismatch: atexit
>>> defined as () -> i32 in CMakeFiles/cmTC_07ec4.dir/CheckFunctionExists.c.o
>>> defined as (i32) -> i32 in /home/jack/Documents/emsdk/upstream/emscripten/cache/sysroot/lib/wasm32-emscripten/libnoexit.a(atexit_dummy.o)
gmake[1]: Leaving directory '/home/jack/Documents/TypeScript/Personal_Webpage/raycaster/build/web/CMakeFiles/CMakeScratch/TryCompile-NuiEQo'



Determining if the function mprotect exists passed with the following output:
Change Dir: /home/jack/Documents/TypeScript/Personal_Webpage/raycaster/build/web/CMakeFiles/CMakeScratch/TryCompile-kq4eKC

Run Build Command(s):/usr/bin/gmake -f Makefile cmTC_57f33/fast && /usr/bin/gmake  -f CMakeFiles/cmTC_57f33.dir/build.make CMakeFiles/cmTC_57f33.dir/build
gmake[1]: Entering directory '/home/jack/Documents/TypeScript/Personal_Webpage/raycaster/build/web/CMakeFiles/CMakeScratch/TryCompile-kq4eKC'
Building C object CMakeFiles/cmTC_57f33.dir/CheckFunctionExists.c.o
/home/jack/Documents/emsdk/upstream/emscripten/emcc   -DCHECK_FUNCTION_EXISTS=mprotect -MD -MT CMakeFiles/cmTC_57f33.dir/CheckFunctionExists.c.o -MF CMakeFiles/cmTC_57f33.dir/CheckFunctionExists.c.o.d -o CMakeFiles/cmTC_57f33.dir/CheckFunctionExists.c.o -c /home/jack/Documents/TypeScript/Personal_Webpage/raycaster/build/web/CMakeFiles/CMakeScratch/TryCompile-kq4eKC/CheckFunctionExists.c
Linking C executable cmTC_57f33.js
/usr/bin/cmake -E cmake_link_script CMakeFiles/cmTC_57f33.dir/link.txt --verbose=1
/home/jack/Documents/emsdk/upstream/emscripten/emcc  -DCHECK_FUNCTION_EXISTS=mprotect @CMakeFiles/cmTC_57f33.dir/objects1 -o cmTC_57f33.js @CMakeFiles/cmTC_57f33.dir/linkLibs.rsp
wasm-ld: warning: function signature mismatch: mprotect
>>> defined as () -> i32 in CMakeFiles/cmTC_57f33.dir/CheckFunctionExists.c.o
>>> defined as (i32, i32, i32) -> i32 in /home/jack/Documents/emsdk/upstream/emscripten/cache/sysroot/lib/wasm32-emscripten/libc-debug.a(mprotect.o)
gmake[1]: Leaving directory '/home/jack/Documents/TypeScript/Personal_Webpage/raycaster/build/web/CMakeFiles/CMakeScratch/TryCompile-kq4eKC'



Determining if the function mmap exists passed with the following output:
Change Dir: /home/jack/Documents/TypeScript/Personal_Webpage/raycaster/build/web/CMakeFiles/CMakeScratch/TryCompile-Y8mTjv

Run Build Command(s):/usr/bin/gmake -f Makefile cmTC_20c0c/fast && /usr/bin/gmake  -f CMakeFiles/cmTC_20c0c.dir/build.make CMakeFiles/cmTC_20c0c.dir/build
gmake[1]: Entering directory '/home/jack/Documents/TypeScript/Personal_Webpage/raycaster/build/web/CMakeFiles/CMakeScratch/TryCompile-Y8mTjv'
Building C object CMakeFiles/cmTC_20c0c.dir/CheckFunctionExists.c.o
/home/jack/Documents/emsdk/upstream/emscripten/emcc   -DCHECK_FUNCTION_EXISTS=mmap -MD -MT CMakeFiles/cmTC_20c0c.dir/CheckFunctionExists.c.o -MF CMakeFiles/cmTC_20c0c.dir/CheckFunctionExists.c.o.d -o CMakeFiles/cmTC_20c0c.dir/CheckFunctionExists.c.o -c /home/jack/Documents/TypeScript/Personal_Webpage/raycaster/build/web/CMakeFiles/CMakeScratch/TryCompile-Y8mTjv/CheckFunctionExists.c
Linking C executable cmTC_20c0c.js
/usr/bin/cmake -E cmake_link_script CMakeFiles/cmTC_20c0c.dir/link.txt --verbose=1
/home/jack/Documents/emsdk/upstream/emscripten/emcc  -DCHECK_FUNCTION_EXISTS=mmap @CMakeFiles/cmTC_20c0c.dir/objects1 -o cmTC_20c0c.js @CMakeFiles/cmTC_20c0c.dir/linkLibs.rsp
wasm-ld: warning: function signature mismatch: mmap
>>> defined as () -> i32 in CMakeFiles/cmTC_20c0c.dir/CheckFunctionExists.c.o
>>> defined as (i32, i32, i32, i32, i32, i64) -> i32 in /home/jack/Documents/emsdk/upstream/emscripten/cache/sysroot/lib/wasm32-emscripten/libc-debug.a(mmap.o)
gmake[1]: Leaving directory '/home/jack/Documents/TypeScript/Personal_Webpage/raycaster/build/web/CMakeFiles/CMakeScratch/TryCompile-Y8mTjv'



Determining if the function isatty exists passed with the following output:
Change Dir: /home/jack/Documents/TypeScript/Personal_Webpage/raycaster/build/web/CMakeFiles/CMakeScratch/TryCompile-yGw1md

Run Build Command(s):/usr/bin/gmake -f Makefile cmTC_0290f/fast && /usr/bin/gmake  -f CMakeFiles/cmTC_0290f.dir/build.make CMakeFiles/cmTC_0290f.dir/build
gmake[1]: Entering directory '/home/jack/Documents/TypeScript/Personal_Webpage/raycaster/build/web/CMakeFiles/CMakeScratch/TryCompile-yGw1md'
Building C object CMakeFiles/cmTC_0290f.dir/CheckFunctionExists.c.o
/home/jack/Documents/emsdk/upstream/emscripten/emcc   -DCHECK_FUNCTION_EXISTS=isatty -MD -MT CMakeFiles/cmTC_0290f.dir/CheckFunctionExists.c.o -MF CMakeFiles/cmTC_0290f.dir/CheckFunctionExists.c.o.d -o CMakeFiles/cmTC_0290f.dir/CheckFunctionExists.c.o -c /home/jack/Documents/TypeScript/Personal_Webpage/raycaster/build/web/CMakeFiles/CMakeScratch/TryCompile-yGw1md/CheckFunctionExists.c
Linking C executable cmTC_0290f.js
/usr/bin/cmake -E cmake_link_script CMakeFiles/cmTC_0290f.dir/link.txt --verbose=1
/home/jack/Documents/emsdk/upstream/emscripten/emcc  -DCHECK_FUNCTION_EXISTS=isatty @CMakeFiles/cmTC_0290f.dir/objects1 -o cmTC_0290f.js @CMakeFiles/cmTC_0290f.dir/linkLibs.rsp
wasm-ld: warning: function signature mismatch: isatty
>>> defined as () -> i32 in CMakeFiles/cmTC_0290f.dir/CheckFunctionExists.c.o
>>> defined as (i32) -> i32 in /home/jack/Documents/emsdk/upstream/emscripten/cache/sysroot/lib/wasm32-emscripten/libc-debug.a(isatty.o)
gmake[1]: Leaving directory '/home/jack/Documents/TypeScript/Personal_Webpage/raycaster/build/web/CMakeFiles/CMakeScratch/TryCompile-yGw1md'



Determining if the include file unistd.h exists passed with the following output:
Change Dir: /home/jack/Documents/TypeScript/Personal_Webpage/raycaster/build/web/CMakeFiles/CMakeScratch/TryCompile-puXwtj

Run Build Command(s):/usr/bin/gmake -f Makefile cmTC_8ae66/fast && /usr/bin/gmake  -f CMakeFiles/cmTC_8ae66.dir/build.make CMakeFiles/cmTC_8ae66.dir/build
gmake[1]: Entering directory '/home/jack/Documents/TypeScript/Personal_Webpage/raycaster/build/web/CMakeFiles/CMakeScratch/TryCompile-puXwtj'
Building C object CMakeFiles/cmTC_8ae66.dir/CheckIncludeFile.c.o
/home/jack/Documents/emsdk/upstream/emscripten/emcc    -MD -MT CMakeFiles/cmTC_8ae66.dir/CheckIncludeFile.c.o -MF CMakeFiles/cmTC_8ae66.dir/CheckIncludeFile.c.o.d -o CMakeFiles/cmTC_8ae66.dir/CheckIncludeFile.c.o -c /home/jack/Documents/TypeScript/Personal_Webpage/raycaster/build/web/CMakeFiles/CMakeScratch/TryCompile-puXwtj/CheckIncludeFile.c
Linking C executable cmTC_8ae66.js
/usr/bin/cmake -E cmake_link_script CMakeFiles/cmTC_8ae66.dir/link.txt --verbose=1
/home/jack/Documents/emsdk/upstream/emscripten/emcc @CMakeFiles/cmTC_8ae66.dir/objects1 -o cmTC_8ae66.js @CMakeFiles/cmTC_8ae66.dir/linkLibs.rsp
gmake[1]: Leaving directory '/home/jack/Documents/TypeScript/Personal_Webpage/raycaster/build/web/CMakeFiles/CMakeScratch/TryCompile-puXwtj'



Determining if the include file sys/mman.h exists passed with the following output:
Change Dir: /home/jack/Documents/TypeScript/Personal_Webpage/raycaster/build/web/CMakeFiles/CMakeScratch/TryCompile-kt0yTD

Run Build Command(s):/usr/bin/gmake -f Makefile cmTC_1db03/fast && /usr/bin/gmake  -f CMakeFiles/cmTC_1db03.dir/build.make CMakeFiles/cmTC_1db03.dir/build
gmake[1]: Entering directory '/home/jack/Documents/TypeScript/Personal_Webpage/raycaster/build/web/CMakeFiles/CMakeScratch/TryCompile-kt0yTD'
Building C object CMakeFiles/cmTC_1db03.dir/CheckIncludeFile.c.o
/home/jack/Documents/emsdk/upstream/emscripten/emcc    -MD -MT CMakeFiles/cmTC_1db03.dir/CheckIncludeFile.c.o -MF CMakeFiles/cmTC_1db03.dir/CheckIncludeFile.c.o.d -o CMakeFiles/cmTC_1db03.dir/CheckIncludeFile.c.o -c /home/jack/Documents/TypeScript/Personal_Webpage/raycaster/build/web/CMakeFiles/CMakeScratch/TryCompile-kt0yTD/CheckIncludeFile.c
Linking C executable cmTC_1db03.js
/usr/bin/cmake -E cmake_link_script CMakeFiles/cmTC_1db03.dir/link.txt --verbose=1
/home/jack/Documents/emsdk/upstream/emscripten/emcc @CMakeFiles/cmTC_1db03.dir/objects1 -o cmTC_1db03.js @CMakeFiles/cmTC_1db03.dir/linkLibs.rsp
gmake[1]: Leaving directory '/home/jack/Documents/TypeScript/Personal_Webpage/raycaster/build/web/CMakeFiles/CMakeScratch/TryCompile-kt0yTD'



Determining if the include file stdbool.h exists passed with the following output:
Change Dir: /home/jack/Documents/TypeScript/Personal_Webpage/raycaster/build/web/CMakeFiles/CMakeScratch/TryCompile-LVNeIA

Run Build Command(s):/usr/bin/gmake -f Makefile cmTC_98d42/fast && /usr/bin/gmake  -f CMakeFiles/cmTC_98d42.dir/build.make CMakeFiles/cmTC_98d42.dir/build
gmake[1]: Entering directory '/home/jack/Documents/TypeScript/Personal_Webpage/raycaster/build/web/CMakeFiles/CMakeScratch/TryCompile-LVNeIA'
Building C object CMakeFiles/cmTC_98d42.dir/CheckIncludeFile.c.o
/home/jack/Documents/emsdk/upstream/emscripten/emcc    -MD -MT CMakeFiles/cmTC_98d42.dir/CheckIncludeFile.c.o -MF CMakeFiles/cmTC_98d42.dir/CheckIncludeFile.c.o.d -o CMakeFiles/cmTC_98d42.dir/CheckIncludeFile.c.o -c /home/jack/Documents/TypeScript/Personal_Webpage/raycaster/build/web/CMakeFiles/CMakeScratch/TryCompile-LVNeIA/CheckIncludeFile.c
Linking C executable cmTC_98d42.js
/usr/bin/cmake -E cmake_link_script CMakeFiles/cmTC_98d42.dir/link.txt --verbose=1
/home/jack/Documents/emsdk/upstream/emscripten/emcc @CMakeFiles/cmTC_98d42.dir/objects1 -o cmTC_98d42.js @CMakeFiles/cmTC_98d42.dir/linkLibs.rsp
gmake[1]: Leaving directory '/home/jack/Documents/TypeScript/Personal_Webpage/raycaster/build/web/CMakeFiles/CMakeScratch/TryCompile-LVNeIA'



Performing C SOURCE FILE Test CMAKE_HAVE_LIBC_PTHREAD succeeded with the following output:
Change Dir: /home/jack/Documents/TypeScript/Personal_Webpage/raycaster/build/web/CMakeFiles/CMakeScratch/TryCompile-GgD2Do

Run Build Command(s):/usr/bin/gmake -f Makefile cmTC_6890e/fast && /usr/bin/gmake  -f CMakeFiles/cmTC_6890e.dir/build.make CMakeFiles/cmTC_6890e.dir/build
gmake[1]: Entering directory '/home/jack/Documents/TypeScript/Personal_Webpage/raycaster/build/web/CMakeFiles/CMakeScratch/TryCompile-GgD2Do'
Building C object CMakeFiles/cmTC_6890e.dir/src.c.o
/home/jack/Documents/emsdk/upstream/emscripten/emcc -DCMAKE_HAVE_LIBC_PTHREAD   -MD -MT CMakeFiles/cmTC_6890e.dir/src.c.o -MF CMakeFiles/cmTC_6890e.dir/src.c.o.d -o CMakeFiles/cmTC_6890e.dir/src.c.o -c /home/jack/Documents/TypeScript/Personal_Webpage/raycaster/build/web/CMakeFiles/CMakeScratch/TryCompile-GgD2Do/src.c
Linking C executable cmTC_6890e.js
/usr/bin/cmake -E cmake_link_script CMakeFiles/cmTC_6890e.dir/link.txt --verbose=1
/home/jack/Documents/emsdk/upstream/emscripten/emcc @CMakeFiles/cmTC_6890e.dir/objects1 -o cmTC_6890e.js @CMakeFiles/cmTC_6890e.dir/linkLibs.rsp
gmake[1]: Leaving directory '/home/jack/Documents/TypeScript/Personal_Webpage/raycaster/build/web/CMakeFiles/CMakeScratch/TryCompile-GgD2Do'


Source file was:
#include <pthread.h>

static void* test_func(void* data)
{
  return data;
}

int main(void)
{
  pthread_t thread;
  pthread_create(&thread, NULL, test_func, NULL);
  pthread_detach(thread);
  pthread_cancel(thread);
  pthread_join(thread, NULL);
  pthread_atfork(NULL, NULL, NULL);
  pthread_exit(NULL);

  return 0;
}


Performing C++ SOURCE FILE Test CXX_SUPPORTS_FLAG_BSYMB_FUNCS succeeded with the following output:
Change Dir: /home/jack/Documents/TypeScript/Personal_Webpage/raycaster/build/web/CMakeFiles/CMakeScratch/TryCompile-hLPdlS

Run Build Command(s):/usr/bin/gmake -f Makefile cmTC_a22d0/fast && /usr/bin/gmake  -f CMakeFiles/cmTC_a22d0.dir/build.make CMakeFiles/cmTC_a22d0.dir/build
gmake[1]: Entering directory '/home/jack/Documents/TypeScript/Personal_Webpage/raycaster/build/web/CMakeFiles/CMakeScratch/TryCompile-hLPdlS'
Building CXX object CMakeFiles/cmTC_a22d0.dir/src.cxx.o
/home/jack/Documents/emsdk/upstream/emscripten/em++ -DCXX_SUPPORTS_FLAG_BSYMB_FUNCS  -Bsymbolic-functions -MD -MT CMakeFiles/cmTC_a22d0.dir/src.cxx.o -MF CMakeFiles/cmTC_a22d0.dir/src.cxx.o.d -o CMakeFiles/cmTC_a22d0.dir/src.cxx.o -c /home/jack/Documents/TypeScript/Personal_Webpage/raycaster/build/web/CMakeFiles/CMakeScratch/TryCompile-hLPdlS/src.cxx
Linking CXX executable cmTC_a22d0.js
/usr/bin/cmake -E cmake_link_script CMakeFiles/cmTC_a22d0.dir/link.txt --verbose=1
/home/jack/Documents/emsdk/upstream/emscripten/em++ @CMakeFiles/cmTC_a22d0.dir/objects1 -o cmTC_a22d0.js @CMakeFiles/cmTC_a22d0.dir/linkLibs.rsp
gmake[1]: Leaving directory '/home/jack/Documents/TypeScript/Personal_Webpage/raycaster/build/web/CMakeFiles/CMakeScratch/TryCompile-hLPdlS'


Source file was:
int main() { return 0; }

Performing C++ SOURCE FILE Test COMPILER_SUPPORTS_CXX11 succeeded with the following output:
Change Dir: /home/jack/Documents/TypeScript/Personal_Webpage/raycaster/build/web/CMakeFiles/CMakeScratch/TryCompile-6zvcTM

Run Build Command(s):/usr/bin/gmake -f Makefile cmTC_64bae/fast && /usr/bin/gmake  -f CMakeFiles/cmTC_64bae.dir/build.make CMakeFiles/cmTC_64bae.dir/build
gmake[1]: Entering directory '/home/jack/Documents/TypeScript/Personal_Webpage/raycaster/build/web/CMakeFiles/CMakeScratch/TryCompile-6zvcTM'
Building CXX object CMakeFiles/cmTC_64bae.dir/src.cxx.o
/home/jack/Documents/emsdk/upstream/emscripten/em++ -DCOMPILER_SUPPORTS_CXX11  -fno-rtti -fno-exceptions -fno-threadsafe-statics    -std=c++11 -MD -MT CMakeFiles/cmTC_64bae.dir/src.cxx.o -MF CMakeFiles/cmTC_64bae.dir/src.cxx.o.d -o CMakeFiles/cmTC_64bae.dir/src.cxx.o -c /home/jack/Documents/TypeScript/Personal_Webpage/raycaster/build/web/CMakeFiles/CMakeScratch/TryCompile-6zvcTM/src.cxx
Linking CXX executable cmTC_64bae.js
/usr/bin/cmake -E cmake_link_script CMakeFiles/cmTC_64bae.dir/link.txt --verbose=1
/home/jack/Documents/emsdk/upstream/emscripten/em++  -fno-rtti -fno-exceptions -fno-threadsafe-statics  @CMakeFiles/cmTC_64bae.dir/objects1 -o cmTC_64bae.js @CMakeFiles/cmTC_64bae.dir/linkLibs.rsp
gmake[1]: Leaving directory '/home/jack/Documents/TypeScript/Personal_Webpage/raycaster/build/web/CMakeFiles/CMakeScratch/TryCompile-6zvcTM'


Source file was:
int main() { return 0; }

Determining if the include file fcntl.h exists passed with the following output:
Change Dir: /home/jack/Documents/TypeScript/Personal_Webpage/raycaster/build/web/CMakeFiles/CMakeScratch/TryCompile-TfS7fP

Run Build Command(s):/usr/bin/gmake -f Makefile cmTC_e1ebf/fast && /usr/bin/gmake  -f CMakeFiles/cmTC_e1ebf.dir/build.make CMakeFiles/cmTC_e1ebf.dir/build
gmake[1]: Entering directory '/home/jack/Documents/TypeScript/Personal_Webpage/raycaster/build/web/CMakeFiles/CMakeScratch/TryCompile-TfS7fP'
Building C object CMakeFiles/cmTC_e1ebf.dir/CheckIncludeFile.c.o
/home/jack/Documents/emsdk/upstream/emscripten/emcc    -MD -MT CMakeFiles/cmTC_e1ebf.dir/CheckIncludeFile.c.o -MF CMakeFiles/cmTC_e1ebf.dir/CheckIncludeFile.c.o.d -o CMakeFiles/cmTC_e1ebf.dir/CheckIncludeFile.c.o -c /home/jack/Documents/TypeScript/Personal_Webpage/raycaster/build/web/CMakeFiles/CMakeScratch/TryCompile-TfS7fP/CheckIncludeFile.c
Linking C executable cmTC_e1ebf.js
/usr/bin/cmake -E cmake_link_script CMakeFiles/cmTC_e1ebf.dir/link.txt --verbose=1
/home/jack/Documents/emsdk/upstream/emscripten/emcc @CMakeFiles/cmTC_e1ebf.dir/objects1 -o cmTC_e1ebf.js 
gmake[1]: Leaving directory '/home/jack/Documents/TypeScript/Personal_Webpage/raycaster/build/web/CMakeFiles/CMakeScratch/TryCompile-TfS7fP'



Performing C SOURCE FILE Test C_FLAG_Wall succeeded with the following output:
Change Dir: /home/jack/Documents/TypeScript/Personal_Webpage/raycaster/build/web/CMakeFiles/CMakeScratch/TryCompile-ZgAvW5

Run Build Command(s):/usr/bin/gmake -f Makefile cmTC_c691f/fast && /usr/bin/gmake  -f CMakeFiles/cmTC_c691f.dir/build.make CMakeFiles/cmTC_c691f.dir/build
gmake[1]: Entering directory '/home/jack/Documents/TypeScript/Personal_Webpage/raycaster/build/web/CMakeFiles/CMakeScratch/TryCompile-ZgAvW5'
Building C object CMakeFiles/cmTC_c691f.dir/src.c.o
/home/jack/Documents/emsdk/upstream/emscripten/emcc -DC_FLAG_Wall  -Wall -std=gnu99 -MD -MT CMakeFiles/cmTC_c691f.dir/src.c.o -MF CMakeFiles/cmTC_c691f.dir/src.c.o.d -o CMakeFiles/cmTC_c691f.dir/src.c.o -c /home/jack/Documents/TypeScript/Personal_Webpage/raycaster/build/web/CMakeFiles/CMakeScratch/TryCompile-ZgAvW5/src.c
Linking C executable cmTC_c691f.js
/usr/bin/cmake -E cmake_link_script CMakeFiles/cmTC_c691f.dir/link.txt --verbose=1
/home/jack/Documents/emsdk/upstream/emscripten/emcc @CMakeFiles/cmTC_c691f.dir/objects1 -o cmTC_c691f.js 
gmake[1]: Leaving directory '/home/jack/Documents/TypeScript/Personal_Webpage/raycaster/build/web/CMakeFiles/CMakeScratch/TryCompile-ZgAvW5'


Source file was:
int main(void) { return 0; }

Performing C SOURCE FILE Test C_FLAG_Winline succeeded with the following output:
Change Dir: /home/jack/Documents/TypeScript/Personal_Webpage/raycaster/build/web/CMakeFiles/CMakeScratch/TryCompile-tuA3zJ

Run Build Command(s):/usr/bin/gmake -f Makefile cmTC_16661/fast && /usr/bin/gmake  -f CMakeFiles/cmTC_16661.dir/build.make CMakeFiles/cmTC_16661.dir/build
gmake[1]: Entering directory '/home/jack/Documents/TypeScript/Personal_Webpage/raycaster/build/web/CMakeFiles/CMakeScratch/TryCompile-tuA3zJ'
Building C object CMakeFiles/cmTC_16661.dir/src.c.o
/home/jack/Documents/emsdk/upstream/emscripten/emcc -DC_FLAG_Winline  -Wall    -Winline -std=gnu99 -MD -MT CMakeFiles/cmTC_16661.dir/src.c.o -MF CMakeFiles/cmTC_16661.dir/src.c.o.d -o CMakeFiles/cmTC_16661.dir/src.c.o -c /home/jack/Documents/TypeScript/Personal_Webpage/raycaster/build/web/CMakeFiles/CMakeScratch/TryCompile-tuA3zJ/src.c
Linking C executable cmTC_16661.js
/usr/bin/cmake -E cmake_link_script CMakeFiles/cmTC_16661.dir/link.txt --verbose=1
/home/jack/Documents/emsdk/upstream/emscripten/emcc  -Wall  @CMakeFiles/cmTC_16661.dir/objects1 -o cmTC_16661.js 
gmake[1]: Leaving directory '/home/jack/Documents/TypeScript/Personal_Webpage/raycaster/build/web/CMakeFiles/CMakeScratch/TryCompile-tuA3zJ'


Source file was:
int main(void) { return 0; }

Performing C SOURCE FILE Test C_FLAG_Wformat_security succeeded with the following output:
Change Dir: /home/jack/Documents/TypeScript/Personal_Webpage/raycaster/build/web/CMakeFiles/CMakeScratch/TryCompile-uJkoUX

Run Build Command(s):/usr/bin/gmake -f Makefile cmTC_4ed71/fast && /usr/bin/gmake  -f CMakeFiles/cmTC_4ed71.dir/build.make CMakeFiles/cmTC_4ed71.dir/build
gmake[1]: Entering directory '/home/jack/Documents/TypeScript/Personal_Webpage/raycaster/build/web/CMakeFiles/CMakeScratch/TryCompile-uJkoUX'
Building C object CMakeFiles/cmTC_4ed71.dir/src.c.o
/home/jack/Documents/emsdk/upstream/emscripten/emcc -DC_FLAG_Wformat_security  -Wall -Winline    -Wformat-security -std=gnu99 -MD -MT CMakeFiles/cmTC_4ed71.dir/src.c.o -MF CMakeFiles/cmTC_4ed71.dir/src.c.o.d -o CMakeFiles/cmTC_4ed71.dir/src.c.o -c /home/jack/Documents/TypeScript/Personal_Webpage/raycaster/build/web/CMakeFiles/CMakeScratch/TryCompile-uJkoUX/src.c
Linking C executable cmTC_4ed71.js
/usr/bin/cmake -E cmake_link_script CMakeFiles/cmTC_4ed71.dir/link.txt --verbose=1
/home/jack/Documents/emsdk/upstream/emscripten/emcc  -Wall -Winline  @CMakeFiles/cmTC_4ed71.dir/objects1 -o cmTC_4ed71.js 
gmake[1]: Leaving directory '/home/jack/Documents/TypeScript/Personal_Webpage/raycaster/build/web/CMakeFiles/CMakeScratch/TryCompile-uJkoUX'


Source file was:
int main(void) { return 0; }

Performing C SOURCE FILE Test C_FLAG_Wpointer_arith succeeded with the following output:
Change Dir: /home/jack/Documents/TypeScript/Personal_Webpage/raycaster/build/web/CMakeFiles/CMakeScratch/TryCompile-y7GYbB

Run Build Command(s):/usr/bin/gmake -f Makefile cmTC_21b60/fast && /usr/bin/gmake  -f CMakeFiles/cmTC_21b60.dir/build.make CMakeFiles/cmTC_21b60.dir/build
gmake[1]: Entering directory '/home/jack/Documents/TypeScript/Personal_Webpage/raycaster/build/web/CMakeFiles/CMakeScratch/TryCompile-y7GYbB'
Building C object CMakeFiles/cmTC_21b60.dir/src.c.o
/home/jack/Documents/emsdk/upstream/emscripten/emcc -DC_FLAG_Wpointer_arith  -Wall -Winline -Wformat-security    -Wpointer-arith -std=gnu99 -MD -MT CMakeFiles/cmTC_21b60.dir/src.c.o -MF CMakeFiles/cmTC_21b60.dir/src.c.o.d -o CMakeFiles/cmTC_21b60.dir/src.c.o -c /home/jack/Documents/TypeScript/Personal_Webpage/raycaster/build/web/CMakeFiles/CMakeScratch/TryCompile-y7GYbB/src.c
Linking C executable cmTC_21b60.js
/usr/bin/cmake -E cmake_link_script CMakeFiles/cmTC_21b60.dir/link.txt --verbose=1
/home/jack/Documents/emsdk/upstream/emscripten/emcc  -Wall -Winline -Wformat-security  @CMakeFiles/cmTC_21b60.dir/objects1 -o cmTC_21b60.js 
gmake[1]: Leaving directory '/home/jack/Documents/TypeScript/Personal_Webpage/raycaster/build/web/CMakeFiles/CMakeScratch/TryCompile-y7GYbB'


Source file was:
int main(void) { return 0; }

Performing C SOURCE FILE Test C_FLAG_Wdisabled_optimization succeeded with the following output:
Change Dir: /home/jack/Documents/TypeScript/Personal_Webpage/raycaster/build/web/CMakeFiles/CMakeScratch/TryCompile-zsJvRC

Run Build Command(s):/usr/bin/gmake -f Makefile cmTC_9f26d/fast && /usr/bin/gmake  -f CMakeFiles/cmTC_9f26d.dir/build.make CMakeFiles/cmTC_9f26d.dir/build
gmake[1]: Entering directory '/home/jack/Documents/TypeScript/Personal_Webpage/raycaster/build/web/CMakeFiles/CMakeScratch/TryCompile-zsJvRC'
Building C object CMakeFiles/cmTC_9f26d.dir/src.c.o
/home/jack/Documents/emsdk/upstream/emscripten/emcc -DC_FLAG_Wdisabled_optimization  -Wall -Winline -Wformat-security -Wpointer-arith    -Wdisabled-optimization -std=gnu99 -MD -MT CMakeFiles/cmTC_9f26d.dir/src.c.o -MF CMakeFiles/cmTC_9f26d.dir/src.c.o.d -o CMakeFiles/cmTC_9f26d.dir/src.c.o -c /home/jack/Documents/TypeScript/Personal_Webpage/raycaster/build/web/CMakeFiles/CMakeScratch/TryCompile-zsJvRC/src.c
Linking C executable cmTC_9f26d.js
/usr/bin/cmake -E cmake_link_script CMakeFiles/cmTC_9f26d.dir/link.txt --verbose=1
/home/jack/Documents/emsdk/upstream/emscripten/emcc  -Wall -Winline -Wformat-security -Wpointer-arith  @CMakeFiles/cmTC_9f26d.dir/objects1 -o cmTC_9f26d.js 
gmake[1]: Leaving directory '/home/jack/Documents/TypeScript/Personal_Webpage/raycaster/build/web/CMakeFiles/CMakeScratch/TryCompile-zsJvRC'


Source file was:
int main(void) { return 0; }

Performing C SOURCE FILE Test C_FLAG_Wno_unknown_pragmas succeeded with the following output:
Change Dir: /home/jack/Documents/TypeScript/Personal_Webpage/raycaster/build/web/CMakeFiles/CMakeScratch/TryCompile-KQJ3QV

Run Build Command(s):/usr/bin/gmake -f Makefile cmTC_bd29a/fast && /usr/bin/gmake  -f CMakeFiles/cmTC_bd29a.dir/build.make CMakeFiles/cmTC_bd29a.dir/build
gmake[1]: Entering directory '/home/jack/Documents/TypeScript/Personal_Webpage/raycaster/build/web/CMakeFiles/CMakeScratch/TryCompile-KQJ3QV'
Building C object CMakeFiles/cmTC_bd29a.dir/src.c.o
/home/jack/Documents/emsdk/upstream/emscripten/emcc -DC_FLAG_Wno_unknown_pragmas  -Wall -Winline -Wformat-security -Wpointer-arith -Wdisabled-optimization    -Wno-unknown-pragmas -std=gnu99 -MD -MT CMakeFiles/cmTC_bd29a.dir/src.c.o -MF CMakeFiles/cmTC_bd29a.dir/src.c.o.d -o CMakeFiles/cmTC_bd29a.dir/src.c.o -c /home/jack/Documents/TypeScript/Personal_Webpage/raycaster/build/web/CMakeFiles/CMakeScratch/TryCompile-KQJ3QV/src.c
Linking C executable cmTC_bd29a.js
/usr/bin/cmake -E cmake_link_script CMakeFiles/cmTC_bd29a.dir/link.txt --verbose=1
/home/jack/Documents/emsdk/upstream/emscripten/emcc  -Wall -Winline -Wformat-security -Wpointer-arith -Wdisabled-optimization  @CMakeFiles/cmTC_bd29a.dir/objects1 -o cmTC_bd29a.js 
gmake[1]: Leaving directory '/home/jack/Documents/TypeScript/Personal_Webpage/raycaster/build/web/CMakeFiles/CMakeScratch/TryCompile-KQJ3QV'


Source file was:
int main(void) { return 0; }

Performing C SOURCE FILE Test C_FLAG_fstrict_aliasing succeeded with the following output:
Change Dir: /home/jack/Documents/TypeScript/Personal_Webpage/raycaster/build/web/CMakeFiles/CMakeScratch/TryCompile-dLcTqS

Run Build Command(s):/usr/bin/gmake -f Makefile cmTC_c6954/fast && /usr/bin/gmake  -f CMakeFiles/cmTC_c6954.dir/build.make CMakeFiles/cmTC_c6954.dir/build
gmake[1]: Entering directory '/home/jack/Documents/TypeScript/Personal_Webpage/raycaster/build/web/CMakeFiles/CMakeScratch/TryCompile-dLcTqS'
Building C object CMakeFiles/cmTC_c6954.dir/src.c.o
/home/jack/Documents/emsdk/upstream/emscripten/emcc -DC_FLAG_fstrict_aliasing  -Wall -Winline -Wformat-security -Wpointer-arith -Wdisabled-optimization -Wno-unknown-pragmas    -fstrict-aliasing -std=gnu99 -MD -MT CMakeFiles/cmTC_c6954.dir/src.c.o -MF CMakeFiles/cmTC_c6954.dir/src.c.o.d -o CMakeFiles/cmTC_c6954.dir/src.c.o -c /home/jack/Documents/TypeScript/Personal_Webpage/raycaster/build/web/CMakeFiles/CMakeScratch/TryCompile-dLcTqS/src.c
Linking C executable cmTC_c6954.js
/usr/bin/cmake -E cmake_link_script CMakeFiles/cmTC_c6954.dir/link.txt --verbose=1
/home/jack/Documents/emsdk/upstream/emscripten/emcc  -Wall -Winline -Wformat-security -Wpointer-arith -Wdisabled-optimization -Wno-unknown-pragmas  @CMakeFiles/cmTC_c6954.dir/objects1 -o cmTC_c6954.js 
gmake[1]: Leaving directory '/home/jack/Documents/TypeScript/Personal_Webpage/raycaster/build/web/CMakeFiles/CMakeScratch/TryCompile-dLcTqS'


Source file was:
int main(void) { return 0; }

Performing C SOURCE FILE Test HAVE_LD_VERSION_SCRIPT succeeded with the following output:
Change Dir: /home/jack/Documents/TypeScript/Personal_Webpage/raycaster/build/web/CMakeFiles/CMakeScratch/TryCompile-FMaWdV

Run Build Command(s):/usr/bin/gmake -f Makefile cmTC_6d500/fast && /usr/bin/gmake  -f CMakeFiles/cmTC_6d500.dir/build.make CMakeFiles/cmTC_6d500.dir/build
gmake[1]: Entering directory '/home/jack/Documents/TypeScript/Personal_Webpage/raycaster/build/web/CMakeFiles/CMakeScratch/TryCompile-FMaWdV'
Building C object CMakeFiles/cmTC_6d500.dir/src.c.o
/home/jack/Documents/emsdk/upstream/emscripten/emcc -DHAVE_LD_VERSION_SCRIPT  -Wall -Winline -Wformat-security -Wpointer-arith -Wdisabled-optimization -Wno-unknown-pragmas -fstrict-aliasing -Wl,--version-script=/home/jack/Documents/TypeScript/Personal_Webpage/raycaster/build/web/SDL_image/external/libtiff-build/conftest.map -std=gnu99 -MD -MT CMakeFiles/cmTC_6d500.dir/src.c.o -MF CMakeFiles/cmTC_6d500.dir/src.c.o.d -o CMakeFiles/cmTC_6d500.dir/src.c.o -c /home/jack/Documents/TypeScript/Personal_Webpage/raycaster/build/web/CMakeFiles/CMakeScratch/TryCompile-FMaWdV/src.c
clang: warning: -Wl,--version-script=/home/jack/Documents/TypeScript/Personal_Webpage/raycaster/build/web/SDL_image/external/libtiff-build/conftest.map: 'linker' input unused [-Wunused-command-line-argument]
Linking C executable cmTC_6d500.js
/usr/bin/cmake -E cmake_link_script CMakeFiles/cmTC_6d500.dir/link.txt --verbose=1
/home/jack/Documents/emsdk/upstream/emscripten/emcc  -Wall -Winline -Wformat-security -Wpointer-arith -Wdisabled-optimization -Wno-unknown-pragmas -fstrict-aliasing -Wl,--version-script=/home/jack/Documents/TypeScript/Personal_Webpage/raycaster/build/web/SDL_image/external/libtiff-build/conftest.map @CMakeFiles/cmTC_6d500.dir/objects1 -o cmTC_6d500.js 
emcc: warning: ignoring unsupported linker flag: `--version-script=/home/jack/Documents/TypeScript/Personal_Webpage/raycaster/build/web/SDL_image/external/libtiff-build/conftest.map` [-Wlinkflags]
gmake[1]: Leaving directory '/home/jack/Documents/TypeScript/Personal_Webpage/raycaster/build/web/CMakeFiles/CMakeScratch/TryCompile-FMaWdV'


Source file was:
int main(void){return 0;}

Determining if the include file assert.h exists passed with the following output:
Change Dir: /home/jack/Documents/TypeScript/Personal_Webpage/raycaster/build/web/CMakeFiles/CMakeScratch/TryCompile-iQJ6QI

Run Build Command(s):/usr/bin/gmake -f Makefile cmTC_bfa10/fast && /usr/bin/gmake  -f CMakeFiles/cmTC_bfa10.dir/build.make CMakeFiles/cmTC_bfa10.dir/build
gmake[1]: Entering directory '/home/jack/Documents/TypeScript/Personal_Webpage/raycaster/build/web/CMakeFiles/CMakeScratch/TryCompile-iQJ6QI'
Building C object CMakeFiles/cmTC_bfa10.dir/CheckIncludeFile.c.o
/home/jack/Documents/emsdk/upstream/emscripten/emcc   -Wall -Winline -Wformat-security -Wpointer-arith -Wdisabled-optimization -Wno-unknown-pragmas -fstrict-aliasing  -std=gnu99 -MD -MT CMakeFiles/cmTC_bfa10.dir/CheckIncludeFile.c.o -MF CMakeFiles/cmTC_bfa10.dir/CheckIncludeFile.c.o.d -o CMakeFiles/cmTC_bfa10.dir/CheckIncludeFile.c.o -c /home/jack/Documents/TypeScript/Personal_Webpage/raycaster/build/web/CMakeFiles/CMakeScratch/TryCompile-iQJ6QI/CheckIncludeFile.c
Linking C executable cmTC_bfa10.js
/usr/bin/cmake -E cmake_link_script CMakeFiles/cmTC_bfa10.dir/link.txt --verbose=1
/home/jack/Documents/emsdk/upstream/emscripten/emcc  -Wall -Winline -Wformat-security -Wpointer-arith -Wdisabled-optimization -Wno-unknown-pragmas -fstrict-aliasing  @CMakeFiles/cmTC_bfa10.dir/objects1 -o cmTC_bfa10.js 
gmake[1]: Leaving directory '/home/jack/Documents/TypeScript/Personal_Webpage/raycaster/build/web/CMakeFiles/CMakeScratch/TryCompile-iQJ6QI'



Determining if the include file strings.h exists passed with the following output:
Change Dir: /home/jack/Documents/TypeScript/Personal_Webpage/raycaster/build/web/CMakeFiles/CMakeScratch/TryCompile-0QnmZB

Run Build Command(s):/usr/bin/gmake -f Makefile cmTC_e8f7a/fast && /usr/bin/gmake  -f CMakeFiles/cmTC_e8f7a.dir/build.make CMakeFiles/cmTC_e8f7a.dir/build
gmake[1]: Entering directory '/home/jack/Documents/TypeScript/Personal_Webpage/raycaster/build/web/CMakeFiles/CMakeScratch/TryCompile-0QnmZB'
Building C object CMakeFiles/cmTC_e8f7a.dir/CheckIncludeFile.c.o
/home/jack/Documents/emsdk/upstream/emscripten/emcc   -Wall -Winline -Wformat-security -Wpointer-arith -Wdisabled-optimization -Wno-unknown-pragmas -fstrict-aliasing  -std=gnu99 -MD -MT CMakeFiles/cmTC_e8f7a.dir/CheckIncludeFile.c.o -MF CMakeFiles/cmTC_e8f7a.dir/CheckIncludeFile.c.o.d -o CMakeFiles/cmTC_e8f7a.dir/CheckIncludeFile.c.o -c /home/jack/Documents/TypeScript/Personal_Webpage/raycaster/build/web/CMakeFiles/CMakeScratch/TryCompile-0QnmZB/CheckIncludeFile.c
Linking C executable cmTC_e8f7a.js
/usr/bin/cmake -E cmake_link_script CMakeFiles/cmTC_e8f7a.dir/link.txt --verbose=1
/home/jack/Documents/emsdk/upstream/emscripten/emcc  -Wall -Winline -Wformat-security -Wpointer-arith -Wdisabled-optimization -Wno-unknown-pragmas -fstrict-aliasing  @CMakeFiles/cmTC_e8f7a.dir/objects1 -o cmTC_e8f7a.js 
gmake[1]: Leaving directory '/home/jack/Documents/TypeScript/Personal_Webpage/raycaster/build/web/CMakeFiles/CMakeScratch/TryCompile-0QnmZB'



Determining if the include file sys/time.h exists passed with the following output:
Change Dir: /home/jack/Documents/TypeScript/Personal_Webpage/raycaster/build/web/CMakeFiles/CMakeScratch/TryCompile-hF8wZe

Run Build Command(s):/usr/bin/gmake -f Makefile cmTC_d075a/fast && /usr/bin/gmake  -f CMakeFiles/cmTC_d075a.dir/build.make CMakeFiles/cmTC_d075a.dir/build
gmake[1]: Entering directory '/home/jack/Documents/TypeScript/Personal_Webpage/raycaster/build/web/CMakeFiles/CMakeScratch/TryCompile-hF8wZe'
Building C object CMakeFiles/cmTC_d075a.dir/CheckIncludeFile.c.o
/home/jack/Documents/emsdk/upstream/emscripten/emcc   -Wall -Winline -Wformat-security -Wpointer-arith -Wdisabled-optimization -Wno-unknown-pragmas -fstrict-aliasing  -std=gnu99 -MD -MT CMakeFiles/cmTC_d075a.dir/CheckIncludeFile.c.o -MF CMakeFiles/cmTC_d075a.dir/CheckIncludeFile.c.o.d -o CMakeFiles/cmTC_d075a.dir/CheckIncludeFile.c.o -c /home/jack/Documents/TypeScript/Personal_Webpage/raycaster/build/web/CMakeFiles/CMakeScratch/TryCompile-hF8wZe/CheckIncludeFile.c
Linking C executable cmTC_d075a.js
/usr/bin/cmake -E cmake_link_script CMakeFiles/cmTC_d075a.dir/link.txt --verbose=1
/home/jack/Documents/emsdk/upstream/emscripten/emcc  -Wall -Winline -Wformat-security -Wpointer-arith -Wdisabled-optimization -Wno-unknown-pragmas -fstrict-aliasing  @CMakeFiles/cmTC_d075a.dir/objects1 -o cmTC_d075a.js 
gmake[1]: Leaving directory '/home/jack/Documents/TypeScript/Personal_Webpage/raycaster/build/web/CMakeFiles/CMakeScratch/TryCompile-hF8wZe'



Determining if the include file sys/types.h exists passed with the following output:
Change Dir: /home/jack/Documents/TypeScript/Personal_Webpage/raycaster/build/web/CMakeFiles/CMakeScratch/TryCompile-eA0Vn4

Run Build Command(s):/usr/bin/gmake -f Makefile cmTC_f914c/fast && /usr/bin/gmake  -f CMakeFiles/cmTC_f914c.dir/build.make CMakeFiles/cmTC_f914c.dir/build
gmake[1]: Entering directory '/home/jack/Documents/TypeScript/Personal_Webpage/raycaster/build/web/CMakeFiles/CMakeScratch/TryCompile-eA0Vn4'
Building C object CMakeFiles/cmTC_f914c.dir/CheckIncludeFile.c.o
/home/jack/Documents/emsdk/upstream/emscripten/emcc   -Wall -Winline -Wformat-security -Wpointer-arith -Wdisabled-optimization -Wno-unknown-pragmas -fstrict-aliasing  -std=gnu99 -MD -MT CMakeFiles/cmTC_f914c.dir/CheckIncludeFile.c.o -MF CMakeFiles/cmTC_f914c.dir/CheckIncludeFile.c.o.d -o CMakeFiles/cmTC_f914c.dir/CheckIncludeFile.c.o -c /home/jack/Documents/TypeScript/Personal_Webpage/raycaster/build/web/CMakeFiles/CMakeScratch/TryCompile-eA0Vn4/CheckIncludeFile.c
Linking C executable cmTC_f914c.js
/usr/bin/cmake -E cmake_link_script CMakeFiles/cmTC_f914c.dir/link.txt --verbose=1
/home/jack/Documents/emsdk/upstream/emscripten/emcc  -Wall -Winline -Wformat-security -Wpointer-arith -Wdisabled-optimization -Wno-unknown-pragmas -fstrict-aliasing  @CMakeFiles/cmTC_f914c.dir/objects1 -o cmTC_f914c.js 
gmake[1]: Leaving directory '/home/jack/Documents/TypeScript/Personal_Webpage/raycaster/build/web/CMakeFiles/CMakeScratch/TryCompile-eA0Vn4'



Determining if the getopt exist passed with the following output:
Change Dir: /home/jack/Documents/TypeScript/Personal_Webpage/raycaster/build/web/CMakeFiles/CMakeScratch/TryCompile-nwtLGA

Run Build Command(s):/usr/bin/gmake -f Makefile cmTC_990d8/fast && /usr/bin/gmake  -f CMakeFiles/cmTC_990d8.dir/build.make CMakeFiles/cmTC_990d8.dir/build
gmake[1]: Entering directory '/home/jack/Documents/TypeScript/Personal_Webpage/raycaster/build/web/CMakeFiles/CMakeScratch/TryCompile-nwtLGA'
Building C object CMakeFiles/cmTC_990d8.dir/CheckSymbolExists.c.o
/home/jack/Documents/emsdk/upstream/emscripten/emcc   -Wall -Winline -Wformat-security -Wpointer-arith -Wdisabled-optimization -Wno-unknown-pragmas -fstrict-aliasing  -std=gnu99 -MD -MT CMakeFiles/cmTC_990d8.dir/CheckSymbolExists.c.o -MF CMakeFiles/cmTC_990d8.dir/CheckSymbolExists.c.o.d -o CMakeFiles/cmTC_990d8.dir/CheckSymbolExists.c.o -c /home/jack/Documents/TypeScript/Personal_Webpage/raycaster/build/web/CMakeFiles/CMakeScratch/TryCompile-nwtLGA/CheckSymbolExists.c
Linking C executable cmTC_990d8.js
/usr/bin/cmake -E cmake_link_script CMakeFiles/cmTC_990d8.dir/link.txt --verbose=1
/home/jack/Documents/emsdk/upstream/emscripten/emcc  -Wall -Winline -Wformat-security -Wpointer-arith -Wdisabled-optimization -Wno-unknown-pragmas -fstrict-aliasing  @CMakeFiles/cmTC_990d8.dir/objects1 -o cmTC_990d8.js 
gmake[1]: Leaving directory '/home/jack/Documents/TypeScript/Personal_Webpage/raycaster/build/web/CMakeFiles/CMakeScratch/TryCompile-nwtLGA'


File CheckSymbolExists.c:
/* */
#include <unistd.h>
#include <stdio.h>

int main(int argc, char** argv)
{
  (void)argv;
#ifndef getopt
  return ((int*)(&getopt))[argc];
#else
  (void)argc;
  return 0;
#endif
}
Determining if the optarg exist passed with the following output:
Change Dir: /home/jack/Documents/TypeScript/Personal_Webpage/raycaster/build/web/CMakeFiles/CMakeScratch/TryCompile-Zfce06

Run Build Command(s):/usr/bin/gmake -f Makefile cmTC_522b7/fast && /usr/bin/gmake  -f CMakeFiles/cmTC_522b7.dir/build.make CMakeFiles/cmTC_522b7.dir/build
gmake[1]: Entering directory '/home/jack/Documents/TypeScript/Personal_Webpage/raycaster/build/web/CMakeFiles/CMakeScratch/TryCompile-Zfce06'
Building C object CMakeFiles/cmTC_522b7.dir/CheckSymbolExists.c.o
/home/jack/Documents/emsdk/upstream/emscripten/emcc   -Wall -Winline -Wformat-security -Wpointer-arith -Wdisabled-optimization -Wno-unknown-pragmas -fstrict-aliasing  -std=gnu99 -MD -MT CMakeFiles/cmTC_522b7.dir/CheckSymbolExists.c.o -MF CMakeFiles/cmTC_522b7.dir/CheckSymbolExists.c.o.d -o CMakeFiles/cmTC_522b7.dir/CheckSymbolExists.c.o -c /home/jack/Documents/TypeScript/Personal_Webpage/raycaster/build/web/CMakeFiles/CMakeScratch/TryCompile-Zfce06/CheckSymbolExists.c
Linking C executable cmTC_522b7.js
/usr/bin/cmake -E cmake_link_script CMakeFiles/cmTC_522b7.dir/link.txt --verbose=1
/home/jack/Documents/emsdk/upstream/emscripten/emcc  -Wall -Winline -Wformat-security -Wpointer-arith -Wdisabled-optimization -Wno-unknown-pragmas -fstrict-aliasing  @CMakeFiles/cmTC_522b7.dir/objects1 -o cmTC_522b7.js 
gmake[1]: Leaving directory '/home/jack/Documents/TypeScript/Personal_Webpage/raycaster/build/web/CMakeFiles/CMakeScratch/TryCompile-Zfce06'


File CheckSymbolExists.c:
/* */
#include <getopt.h>

int main(int argc, char** argv)
{
  (void)argv;
#ifndef optarg
  return ((int*)(&optarg))[argc];
#else
  (void)argc;
  return 0;
#endif
}
Determining if the include file stdint.h exists passed with the following output:
Change Dir: /home/jack/Documents/TypeScript/Personal_Webpage/raycaster/build/web/CMakeFiles/CMakeScratch/TryCompile-gFKfmH

Run Build Command(s):/usr/bin/gmake -f Makefile cmTC_18798/fast && /usr/bin/gmake  -f CMakeFiles/cmTC_18798.dir/build.make CMakeFiles/cmTC_18798.dir/build
gmake[1]: Entering directory '/home/jack/Documents/TypeScript/Personal_Webpage/raycaster/build/web/CMakeFiles/CMakeScratch/TryCompile-gFKfmH'
Building C object CMakeFiles/cmTC_18798.dir/CheckIncludeFile.c.o
/home/jack/Documents/emsdk/upstream/emscripten/emcc   -Wall -Winline -Wformat-security -Wpointer-arith -Wdisabled-optimization -Wno-unknown-pragmas -fstrict-aliasing  -std=gnu99 -MD -MT CMakeFiles/cmTC_18798.dir/CheckIncludeFile.c.o -MF CMakeFiles/cmTC_18798.dir/CheckIncludeFile.c.o.d -o CMakeFiles/cmTC_18798.dir/CheckIncludeFile.c.o -c /home/jack/Documents/TypeScript/Personal_Webpage/raycaster/build/web/CMakeFiles/CMakeScratch/TryCompile-gFKfmH/CheckIncludeFile.c
Linking C executable cmTC_18798.js
/usr/bin/cmake -E cmake_link_script CMakeFiles/cmTC_18798.dir/link.txt --verbose=1
/home/jack/Documents/emsdk/upstream/emscripten/emcc  -Wall -Winline -Wformat-security -Wpointer-arith -Wdisabled-optimization -Wno-unknown-pragmas -fstrict-aliasing  @CMakeFiles/cmTC_18798.dir/objects1 -o cmTC_18798.js 
gmake[1]: Leaving directory '/home/jack/Documents/TypeScript/Personal_Webpage/raycaster/build/web/CMakeFiles/CMakeScratch/TryCompile-gFKfmH'



Determining if the include file stddef.h exists passed with the following output:
Change Dir: /home/jack/Documents/TypeScript/Personal_Webpage/raycaster/build/web/CMakeFiles/CMakeScratch/TryCompile-0jwSCC

Run Build Command(s):/usr/bin/gmake -f Makefile cmTC_f4609/fast && /usr/bin/gmake  -f CMakeFiles/cmTC_f4609.dir/build.make CMakeFiles/cmTC_f4609.dir/build
gmake[1]: Entering directory '/home/jack/Documents/TypeScript/Personal_Webpage/raycaster/build/web/CMakeFiles/CMakeScratch/TryCompile-0jwSCC'
Building C object CMakeFiles/cmTC_f4609.dir/CheckIncludeFile.c.o
/home/jack/Documents/emsdk/upstream/emscripten/emcc   -Wall -Winline -Wformat-security -Wpointer-arith -Wdisabled-optimization -Wno-unknown-pragmas -fstrict-aliasing  -std=gnu99 -MD -MT CMakeFiles/cmTC_f4609.dir/CheckIncludeFile.c.o -MF CMakeFiles/cmTC_f4609.dir/CheckIncludeFile.c.o.d -o CMakeFiles/cmTC_f4609.dir/CheckIncludeFile.c.o -c /home/jack/Documents/TypeScript/Personal_Webpage/raycaster/build/web/CMakeFiles/CMakeScratch/TryCompile-0jwSCC/CheckIncludeFile.c
Linking C executable cmTC_f4609.js
/usr/bin/cmake -E cmake_link_script CMakeFiles/cmTC_f4609.dir/link.txt --verbose=1
/home/jack/Documents/emsdk/upstream/emscripten/emcc  -Wall -Winline -Wformat-security -Wpointer-arith -Wdisabled-optimization -Wno-unknown-pragmas -fstrict-aliasing  @CMakeFiles/cmTC_f4609.dir/objects1 -o cmTC_f4609.js 
gmake[1]: Leaving directory '/home/jack/Documents/TypeScript/Personal_Webpage/raycaster/build/web/CMakeFiles/CMakeScratch/TryCompile-0jwSCC'



Determining size of size_t passed with the following output:
Change Dir: /home/jack/Documents/TypeScript/Personal_Webpage/raycaster/build/web/CMakeFiles/CMakeTmp

Run Build Command(s):/usr/bin/gmake -f Makefile cmTC_1b5d6/fast && /usr/bin/gmake  -f CMakeFiles/cmTC_1b5d6.dir/build.make CMakeFiles/cmTC_1b5d6.dir/build
gmake[1]: Entering directory '/home/jack/Documents/TypeScript/Personal_Webpage/raycaster/build/web/CMakeFiles/CMakeTmp'
Building C object CMakeFiles/cmTC_1b5d6.dir/SIZEOF_SIZE_T.c.o
/home/jack/Documents/emsdk/upstream/emscripten/emcc   -Wall -Winline -Wformat-security -Wpointer-arith -Wdisabled-optimization -Wno-unknown-pragmas -fstrict-aliasing  -std=gnu99 -MD -MT CMakeFiles/cmTC_1b5d6.dir/SIZEOF_SIZE_T.c.o -MF CMakeFiles/cmTC_1b5d6.dir/SIZEOF_SIZE_T.c.o.d -o CMakeFiles/cmTC_1b5d6.dir/SIZEOF_SIZE_T.c.o -c /home/jack/Documents/TypeScript/Personal_Webpage/raycaster/build/web/CMakeFiles/CheckTypeSize/SIZEOF_SIZE_T.c
Linking C executable cmTC_1b5d6.js
/usr/bin/cmake -E cmake_link_script CMakeFiles/cmTC_1b5d6.dir/link.txt --verbose=1
/home/jack/Documents/emsdk/upstream/emscripten/emcc  -Wall -Winline -Wformat-security -Wpointer-arith -Wdisabled-optimization -Wno-unknown-pragmas -fstrict-aliasing  @CMakeFiles/cmTC_1b5d6.dir/objects1 -o cmTC_1b5d6.js @CMakeFiles/cmTC_1b5d6.dir/linkLibs.rsp
gmake[1]: Leaving directory '/home/jack/Documents/TypeScript/Personal_Webpage/raycaster/build/web/CMakeFiles/CMakeTmp'



Determining if the pow exist passed with the following output:
Change Dir: /home/jack/Documents/TypeScript/Personal_Webpage/raycaster/build/web/CMakeFiles/CMakeScratch/TryCompile-AZQSGs

Run Build Command(s):/usr/bin/gmake -f Makefile cmTC_40052/fast && /usr/bin/gmake  -f CMakeFiles/cmTC_40052.dir/build.make CMakeFiles/cmTC_40052.dir/build
gmake[1]: Entering directory '/home/jack/Documents/TypeScript/Personal_Webpage/raycaster/build/web/CMakeFiles/CMakeScratch/TryCompile-AZQSGs'
Building C object CMakeFiles/cmTC_40052.dir/CheckSymbolExists.c.o
/home/jack/Documents/emsdk/upstream/emscripten/emcc   -Wall -Winline -Wformat-security -Wpointer-arith -Wdisabled-optimization -Wno-unknown-pragmas -fstrict-aliasing  -std=gnu99 -MD -MT CMakeFiles/cmTC_40052.dir/CheckSymbolExists.c.o -MF CMakeFiles/cmTC_40052.dir/CheckSymbolExists.c.o.d -o CMakeFiles/cmTC_40052.dir/CheckSymbolExists.c.o -c /home/jack/Documents/TypeScript/Personal_Webpage/raycaster/build/web/CMakeFiles/CMakeScratch/TryCompile-AZQSGs/CheckSymbolExists.c
Linking C executable cmTC_40052.js
/usr/bin/cmake -E cmake_link_script CMakeFiles/cmTC_40052.dir/link.txt --verbose=1
/home/jack/Documents/emsdk/upstream/emscripten/emcc  -Wall -Winline -Wformat-security -Wpointer-arith -Wdisabled-optimization -Wno-unknown-pragmas -fstrict-aliasing  @CMakeFiles/cmTC_40052.dir/objects1 -o cmTC_40052.js 
gmake[1]: Leaving directory '/home/jack/Documents/TypeScript/Personal_Webpage/raycaster/build/web/CMakeFiles/CMakeScratch/TryCompile-AZQSGs'


File CheckSymbolExists.c:
/* */
#include <math.h>

int main(int argc, char** argv)
{
  (void)argv;
#ifndef pow
  return ((int*)(&pow))[argc];
#else
  (void)argc;
  return 0;
#endif
}
