The C compiler identification could not be found in "/home/jack/Documents/TypeScript/Personal_Webpage/raycaster/build/web/CMakeFiles/3.25.1/CompilerIdC/a.out.js"

The CXX compiler identification could not be found in "/home/jack/Documents/TypeScript/Personal_Webpage/raycaster/build/web/CMakeFiles/3.25.1/CompilerIdCXX/a.out.js"

Determining if the posix_spawn_file_actions_addchdir exist failed with the following output:
Change Dir: /home/jack/Documents/TypeScript/Personal_Webpage/raycaster/build/web/CMakeFiles/CMakeScratch/TryCompile-hLlhSa

Run Build Command(s):/usr/bin/gmake -f Makefile cmTC_37225/fast && /usr/bin/gmake  -f CMakeFiles/cmTC_37225.dir/build.make CMakeFiles/cmTC_37225.dir/build
gmake[1]: Entering directory '/home/jack/Documents/TypeScript/Personal_Webpage/raycaster/build/web/CMakeFiles/CMakeScratch/TryCompile-hLlhSa'
Building C object CMakeFiles/cmTC_37225.dir/CheckSymbolExists.c.o
/home/jack/Documents/emsdk/upstream/emscripten/emcc   -D_GNU_SOURCE=1 -MD -MT CMakeFiles/cmTC_37225.dir/CheckSymbolExists.c.o -MF CMakeFiles/cmTC_37225.dir/CheckSymbolExists.c.o.d -o CMakeFiles/cmTC_37225.dir/CheckSymbolExists.c.o -c /home/jack/Documents/TypeScript/Personal_Webpage/raycaster/build/web/CMakeFiles/CMakeScratch/TryCompile-hLlhSa/CheckSymbolExists.c
/home/jack/Documents/TypeScript/Personal_Webpage/raycaster/build/web/CMakeFiles/CMakeScratch/TryCompile-hLlhSa/CheckSymbolExists.c:8:19: error: use of undeclared identifier 'posix_spawn_file_actions_addchdir'; did you mean 'posix_spawn_file_actions_addchdir_np'?
    8 |   return ((int*)(&posix_spawn_file_actions_addchdir))[argc];
      |                   ^~~~~~~~~~~~~~~~~~~~~~~~~~~~~~~~~
      |                   posix_spawn_file_actions_addchdir_np
/home/jack/Documents/emsdk/upstream/emscripten/cache/sysroot/include/spawn.h:75:5: note: 'posix_spawn_file_actions_addchdir_np' declared here
   75 | int posix_spawn_file_actions_addchdir_np(posix_spawn_file_actions_t *__restrict, const char *__restrict);
      |     ^
1 error generated.
gmake[1]: *** [CMakeFiles/cmTC_37225.dir/build.make:79: CMakeFiles/cmTC_37225.dir/CheckSymbolExists.c.o] Error 1
gmake[1]: Leaving directory '/home/jack/Documents/TypeScript/Personal_Webpage/raycaster/build/web/CMakeFiles/CMakeScratch/TryCompile-hLlhSa'
gmake: *** [Makefile:127: cmTC_37225/fast] Error 2


File CheckSymbolExists.c:
/* */
#include <spawn.h>

int main(int argc, char** argv)
{
  (void)argv;
#ifndef posix_spawn_file_actions_addchdir
  return ((int*)(&posix_spawn_file_actions_addchdir))[argc];
#else
  (void)argc;
  return 0;
#endif
}
Performing C SOURCE FILE Test HAVE_POSIX_SPAWN failed with the following output:
Change Dir: /home/jack/Documents/TypeScript/Personal_Webpage/raycaster/build/web/CMakeFiles/CMakeScratch/TryCompile-brXZav

Run Build Command(s):/usr/bin/gmake -f Makefile cmTC_c9f21/fast && /usr/bin/gmake  -f CMakeFiles/cmTC_c9f21.dir/build.make CMakeFiles/cmTC_c9f21.dir/build
gmake[1]: Entering directory '/home/jack/Documents/TypeScript/Personal_Webpage/raycaster/build/web/CMakeFiles/CMakeScratch/TryCompile-brXZav'
Building C object CMakeFiles/cmTC_c9f21.dir/src.c.o
/home/jack/Documents/emsdk/upstream/emscripten/emcc -DHAVE_POSIX_SPAWN  -D_GNU_SOURCE=1 -MD -MT CMakeFiles/cmTC_c9f21.dir/src.c.o -MF CMakeFiles/cmTC_c9f21.dir/src.c.o.d -o CMakeFiles/cmTC_c9f21.dir/src.c.o -c /home/jack/Documents/TypeScript/Personal_Webpage/raycaster/build/web/CMakeFiles/CMakeScratch/TryCompile-brXZav/src.c
Linking C executable cmTC_c9f21.js
/usr/bin/cmake -E cmake_link_script CMakeFiles/cmTC_c9f21.dir/link.txt --verbose=1
/home/jack/Documents/emsdk/upstream/emscripten/emcc   -D_GNU_SOURCE=1 @CMakeFiles/cmTC_c9f21.dir/objects1 -o cmTC_c9f21.js 
wasm-ld: error: CMakeFiles/cmTC_c9f21.dir/src.c.o: undefined symbol: posix_spawnp
emcc: error: '/home/jack/Documents/emsdk/upstream/bin/wasm-ld -o cmTC_c9f21.wasm CMakeFiles/cmTC_c9f21.dir/src.c.o -L/home/jack/Documents/emsdk/upstream/emscripten/cache/sysroot/lib/wasm32-emscripten -L/home/jack/Documents/emsdk/upstream/emscripten/src/lib -lGL-getprocaddr -lal -lhtml5 -lstubs-debug -lnoexit -lc-debug -ldlmalloc-debug -lcompiler_rt -lc++-noexcept -lc++abi-debug-noexcept -lsockets -mllvm -combiner-global-alias-analysis=false -mllvm -enable-emscripten-sjlj -mllvm -disable-lsr /tmp/tmpd4qqdz8ilibemscripten_js_symbols.so --strip-debug --export=emscripten_stack_get_end --export=emscripten_stack_get_free --export=emscripten_stack_get_base --export=emscripten_stack_get_current --export=emscripten_stack_init --export=_emscripten_stack_alloc --export=__wasm_call_ctors --export=_emscripten_stack_restore --export-if-defined=__start_em_asm --export-if-defined=__stop_em_asm --export-if-defined=__start_em_lib_deps --export-if-defined=__stop_em_lib_deps --export-if-defined=__start_em_js --export-if-defined=__stop_em_js --export-if-defined=main --export-if-defined=__main_argc_argv --export-if-defined=fflush --export-table -z stack-size=65536 --no-growable-memory --initial-heap=16777216 --no-entry --stack-first --table-base=1' failed (returned 1)
gmake[1]: *** [CMakeFiles/cmTC_c9f21.dir/build.make:101: cmTC_c9f21.js] Error 1
gmake[1]: Leaving directory '/home/jack/Documents/TypeScript/Personal_Webpage/raycaster/build/web/CMakeFiles/CMakeScratch/TryCompile-brXZav'
gmake: *** [Makefile:127: cmTC_c9f21/fast] Error 2


Source file was:

#include <spawn.h>
#include <unistd.h>

int main(void)
{
    int pipes[2];
    int pid;

    const char * args[] = {
      "/bin/false",
      NULL
    };

    const char * env[] = { NULL };

    pipe(pipes);

    posix_spawnattr_t attr;
    posix_spawn_file_actions_t fa;

    posix_spawnattr_init(&attr);
    posix_spawn_file_actions_init(&fa);

    posix_spawn_file_actions_addclose(&fa, pipes[0]);
    posix_spawn_file_actions_adddup2(&fa, pipes[1], STDOUT_FILENO);

    posix_spawn(&pid, args[0], &fa, &attr, (char * const *) args, (char * const *) env);
    posix_spawnp(&pid, args[0], &fa, &attr, (char * const *) args, (char * const *) env);

    posix_spawn_file_actions_destroy(&fa);
    posix_spawnattr_destroy(&attr);

    return 0;
}


Determining if the include file io.h exists failed with the following output:
Change Dir: /home/jack/Documents/TypeScript/Personal_Webpage/raycaster/build/web/CMakeFiles/CMakeScratch/TryCompile-UgaZaO

Run Build Command(s):/usr/bin/gmake -f Makefile cmTC_8491e/fast && /usr/bin/gmake  -f CMakeFiles/cmTC_8491e.dir/build.make CMakeFiles/cmTC_8491e.dir/build
gmake[1]: Entering directory '/home/jack/Documents/TypeScript/Personal_Webpage/raycaster/build/web/CMakeFiles/CMakeScratch/TryCompile-UgaZaO'
Building C object CMakeFiles/cmTC_8491e.dir/CheckIncludeFile.c.o
/home/jack/Documents/emsdk/upstream/emscripten/emcc   -Wall -Winline -Wformat-security -Wpointer-arith -Wdisabled-optimization -Wno-unknown-pragmas -fstrict-aliasing  -std=gnu99 -MD -MT CMakeFiles/cmTC_8491e.dir/CheckIncludeFile.c.o -MF CMakeFiles/cmTC_8491e.dir/CheckIncludeFile.c.o.d -o CMakeFiles/cmTC_8491e.dir/CheckIncludeFile.c.o -c /home/jack/Documents/TypeScript/Personal_Webpage/raycaster/build/web/CMakeFiles/CMakeScratch/TryCompile-UgaZaO/CheckIncludeFile.c
/home/jack/Documents/TypeScript/Personal_Webpage/raycaster/build/web/CMakeFiles/CMakeScratch/TryCompile-UgaZaO/CheckIncludeFile.c:1:10: fatal error: 'io.h' file not found
    1 | #include <io.h>
      |          ^~~~~~
1 error generated.
gmake[1]: *** [CMakeFiles/cmTC_8491e.dir/build.make:79: CMakeFiles/cmTC_8491e.dir/CheckIncludeFile.c.o] Error 1
gmake[1]: Leaving directory '/home/jack/Documents/TypeScript/Personal_Webpage/raycaster/build/web/CMakeFiles/CMakeScratch/TryCompile-UgaZaO'
gmake: *** [Makefile:127: cmTC_8491e/fast] Error 2



Determining if the setmode exist failed with the following output:
Change Dir: /home/jack/Documents/TypeScript/Personal_Webpage/raycaster/build/web/CMakeFiles/CMakeScratch/TryCompile-FHxR0C

Run Build Command(s):/usr/bin/gmake -f Makefile cmTC_c92f1/fast && /usr/bin/gmake  -f CMakeFiles/cmTC_c92f1.dir/build.make CMakeFiles/cmTC_c92f1.dir/build
gmake[1]: Entering directory '/home/jack/Documents/TypeScript/Personal_Webpage/raycaster/build/web/CMakeFiles/CMakeScratch/TryCompile-FHxR0C'
Building C object CMakeFiles/cmTC_c92f1.dir/CheckSymbolExists.c.o
/home/jack/Documents/emsdk/upstream/emscripten/emcc   -Wall -Winline -Wformat-security -Wpointer-arith -Wdisabled-optimization -Wno-unknown-pragmas -fstrict-aliasing  -std=gnu99 -MD -MT CMakeFiles/cmTC_c92f1.dir/CheckSymbolExists.c.o -MF CMakeFiles/cmTC_c92f1.dir/CheckSymbolExists.c.o.d -o CMakeFiles/cmTC_c92f1.dir/CheckSymbolExists.c.o -c /home/jack/Documents/TypeScript/Personal_Webpage/raycaster/build/web/CMakeFiles/CMakeScratch/TryCompile-FHxR0C/CheckSymbolExists.c
/home/jack/Documents/TypeScript/Personal_Webpage/raycaster/build/web/CMakeFiles/CMakeScratch/TryCompile-FHxR0C/CheckSymbolExists.c:8:19: error: use of undeclared identifier 'setmode'
    8 |   return ((int*)(&setmode))[argc];
      |                   ^
1 error generated.
gmake[1]: *** [CMakeFiles/cmTC_c92f1.dir/build.make:79: CMakeFiles/cmTC_c92f1.dir/CheckSymbolExists.c.o] Error 1
gmake[1]: Leaving directory '/home/jack/Documents/TypeScript/Personal_Webpage/raycaster/build/web/CMakeFiles/CMakeScratch/TryCompile-FHxR0C'
gmake: *** [Makefile:127: cmTC_c92f1/fast] Error 2


File CheckSymbolExists.c:
/* */
#include <unistd.h>

int main(int argc, char** argv)
{
  (void)argv;
#ifndef setmode
  return ((int*)(&setmode))[argc];
#else
  (void)argc;
  return 0;
#endif
}
